{"C:\\Users\\naukk\\Documents\\review-a-record\\spec\\dbspec.js":{"path":"C:\\Users\\naukk\\Documents\\review-a-record\\spec\\dbspec.js","s":{"1":1,"2":1,"3":1,"4":1,"5":1,"6":1,"7":1,"8":1,"9":1,"10":1,"11":1,"12":1,"13":1,"14":1,"15":1,"16":1,"17":1,"18":1,"19":1,"20":1,"21":1,"22":1,"23":1,"24":1,"25":1,"26":1,"27":1,"28":1,"29":1,"30":1,"31":1,"32":1,"33":1,"34":1,"35":1,"36":1,"37":1,"38":1,"39":1,"40":1,"41":1,"42":1,"43":1,"44":1,"45":1,"46":1,"47":1,"48":1,"49":1,"50":1,"51":1,"52":1,"53":1,"54":1,"55":1,"56":1,"57":1,"58":1,"59":1,"60":1,"61":1,"62":1,"63":1,"64":1,"65":1,"66":1,"67":1,"68":1,"69":1,"70":1,"71":1,"72":1,"73":1,"74":1,"75":1,"76":1,"77":1,"78":1,"79":1,"80":1,"81":1,"82":1,"83":1,"84":1,"85":1,"86":1,"87":1,"88":1,"89":1,"90":1,"91":1,"92":1,"93":1,"94":1,"95":1,"96":1,"97":1,"98":1,"99":1,"100":1,"101":1,"102":1,"103":1,"104":1,"105":1,"106":1,"107":1,"108":1,"109":1,"110":1,"111":1,"112":1,"113":1,"114":1,"115":1,"116":1,"117":1,"118":1,"119":1,"120":1,"121":1,"122":1,"123":1,"124":1,"125":1,"126":1,"127":1,"128":1,"129":1,"130":1,"131":1,"132":1,"133":1,"134":1,"135":1,"136":1,"137":1,"138":1,"139":1,"140":1,"141":1,"142":1,"143":1,"144":1,"145":1,"146":1,"147":1,"148":1,"149":1,"150":1,"151":1,"152":1},"b":{},"f":{"1":1},"fnMap":{"1":{"name":"(anonymous_1)","line":1,"loc":{"start":{"line":1,"column":22},"end":{"line":1,"column":33}}}},"statementMap":{"1":{"start":{"line":1,"column":0},"end":{"line":268,"column":3}},"2":{"start":{"line":2,"column":4},"end":{"line":2,"column":15}},"3":{"start":{"line":3,"column":4},"end":{"line":5,"column":7}},"4":{"start":{"line":4,"column":8},"end":{"line":4,"column":45}},"5":{"start":{"line":7,"column":4},"end":{"line":7,"column":37}},"6":{"start":{"line":9,"column":4},"end":{"line":9,"column":19}},"7":{"start":{"line":10,"column":4},"end":{"line":10,"column":15}},"8":{"start":{"line":12,"column":4},"end":{"line":12,"column":41}},"9":{"start":{"line":14,"column":4},"end":{"line":31,"column":7}},"10":{"start":{"line":15,"column":8},"end":{"line":15,"column":22}},"11":{"start":{"line":16,"column":8},"end":{"line":24,"column":15}},"12":{"start":{"line":17,"column":12},"end":{"line":23,"column":27}},"13":{"start":{"line":20,"column":28},"end":{"line":20,"column":62}},"14":{"start":{"line":21,"column":28},"end":{"line":21,"column":57}},"15":{"start":{"line":22,"column":28},"end":{"line":22,"column":35}},"16":{"start":{"line":25,"column":12},"end":{"line":27,"column":15}},"17":{"start":{"line":26,"column":16},"end":{"line":26,"column":46}},"18":{"start":{"line":28,"column":12},"end":{"line":30,"column":15}},"19":{"start":{"line":29,"column":16},"end":{"line":29,"column":67}},"20":{"start":{"line":33,"column":4},"end":{"line":50,"column":7}},"21":{"start":{"line":34,"column":8},"end":{"line":34,"column":22}},"22":{"start":{"line":35,"column":8},"end":{"line":43,"column":15}},"23":{"start":{"line":36,"column":12},"end":{"line":42,"column":27}},"24":{"start":{"line":39,"column":28},"end":{"line":39,"column":62}},"25":{"start":{"line":40,"column":28},"end":{"line":40,"column":57}},"26":{"start":{"line":41,"column":28},"end":{"line":41,"column":35}},"27":{"start":{"line":44,"column":12},"end":{"line":46,"column":15}},"28":{"start":{"line":45,"column":16},"end":{"line":45,"column":46}},"29":{"start":{"line":47,"column":12},"end":{"line":49,"column":15}},"30":{"start":{"line":48,"column":16},"end":{"line":48,"column":55}},"31":{"start":{"line":52,"column":4},"end":{"line":79,"column":7}},"32":{"start":{"line":53,"column":5},"end":{"line":53,"column":19}},"33":{"start":{"line":54,"column":5},"end":{"line":63,"column":11}},"34":{"start":{"line":55,"column":9},"end":{"line":62,"column":24}},"35":{"start":{"line":58,"column":23},"end":{"line":58,"column":57}},"36":{"start":{"line":59,"column":25},"end":{"line":59,"column":54}},"37":{"start":{"line":60,"column":25},"end":{"line":60,"column":49}},"38":{"start":{"line":61,"column":25},"end":{"line":61,"column":32}},"39":{"start":{"line":64,"column":8},"end":{"line":66,"column":11}},"40":{"start":{"line":65,"column":12},"end":{"line":65,"column":42}},"41":{"start":{"line":67,"column":8},"end":{"line":69,"column":11}},"42":{"start":{"line":68,"column":12},"end":{"line":68,"column":63}},"43":{"start":{"line":71,"column":8},"end":{"line":73,"column":10}},"44":{"start":{"line":72,"column":9},"end":{"line":72,"column":46}},"45":{"start":{"line":75,"column":8},"end":{"line":78,"column":10}},"46":{"start":{"line":76,"column":12},"end":{"line":76,"column":50}},"47":{"start":{"line":77,"column":12},"end":{"line":77,"column":38}},"48":{"start":{"line":81,"column":4},"end":{"line":98,"column":7}},"49":{"start":{"line":82,"column":5},"end":{"line":82,"column":19}},"50":{"start":{"line":83,"column":5},"end":{"line":90,"column":11}},"51":{"start":{"line":84,"column":9},"end":{"line":89,"column":24}},"52":{"start":{"line":86,"column":25},"end":{"line":86,"column":59}},"53":{"start":{"line":87,"column":25},"end":{"line":87,"column":42}},"54":{"start":{"line":88,"column":25},"end":{"line":88,"column":32}},"55":{"start":{"line":92,"column":8},"end":{"line":94,"column":11}},"56":{"start":{"line":93,"column":12},"end":{"line":93,"column":42}},"57":{"start":{"line":95,"column":8},"end":{"line":97,"column":11}},"58":{"start":{"line":96,"column":12},"end":{"line":96,"column":44}},"59":{"start":{"line":100,"column":4},"end":{"line":117,"column":7}},"60":{"start":{"line":101,"column":8},"end":{"line":101,"column":22}},"61":{"start":{"line":102,"column":8},"end":{"line":109,"column":11}},"62":{"start":{"line":103,"column":12},"end":{"line":108,"column":27}},"63":{"start":{"line":105,"column":28},"end":{"line":105,"column":62}},"64":{"start":{"line":106,"column":28},"end":{"line":106,"column":57}},"65":{"start":{"line":107,"column":28},"end":{"line":107,"column":35}},"66":{"start":{"line":111,"column":8},"end":{"line":113,"column":11}},"67":{"start":{"line":112,"column":12},"end":{"line":112,"column":42}},"68":{"start":{"line":114,"column":8},"end":{"line":116,"column":11}},"69":{"start":{"line":115,"column":12},"end":{"line":115,"column":50}},"70":{"start":{"line":119,"column":4},"end":{"line":136,"column":7}},"71":{"start":{"line":120,"column":5},"end":{"line":120,"column":19}},"72":{"start":{"line":121,"column":5},"end":{"line":128,"column":11}},"73":{"start":{"line":122,"column":12},"end":{"line":127,"column":27}},"74":{"start":{"line":124,"column":28},"end":{"line":124,"column":62}},"75":{"start":{"line":125,"column":28},"end":{"line":125,"column":45}},"76":{"start":{"line":126,"column":28},"end":{"line":126,"column":35}},"77":{"start":{"line":130,"column":8},"end":{"line":132,"column":11}},"78":{"start":{"line":131,"column":12},"end":{"line":131,"column":42}},"79":{"start":{"line":133,"column":8},"end":{"line":135,"column":11}},"80":{"start":{"line":134,"column":12},"end":{"line":134,"column":43}},"81":{"start":{"line":138,"column":4},"end":{"line":163,"column":6}},"82":{"start":{"line":139,"column":8},"end":{"line":139,"column":22}},"83":{"start":{"line":140,"column":8},"end":{"line":154,"column":11}},"84":{"start":{"line":141,"column":12},"end":{"line":153,"column":27}},"85":{"start":{"line":150,"column":28},"end":{"line":150,"column":62}},"86":{"start":{"line":151,"column":28},"end":{"line":151,"column":57}},"87":{"start":{"line":152,"column":28},"end":{"line":152,"column":35}},"88":{"start":{"line":156,"column":8},"end":{"line":158,"column":11}},"89":{"start":{"line":157,"column":12},"end":{"line":157,"column":42}},"90":{"start":{"line":160,"column":8},"end":{"line":162,"column":11}},"91":{"start":{"line":161,"column":12},"end":{"line":161,"column":63}},"92":{"start":{"line":165,"column":4},"end":{"line":185,"column":7}},"93":{"start":{"line":166,"column":8},"end":{"line":166,"column":22}},"94":{"start":{"line":167,"column":8},"end":{"line":174,"column":11}},"95":{"start":{"line":168,"column":8},"end":{"line":173,"column":23}},"96":{"start":{"line":170,"column":24},"end":{"line":170,"column":58}},"97":{"start":{"line":171,"column":24},"end":{"line":171,"column":53}},"98":{"start":{"line":172,"column":24},"end":{"line":172,"column":31}},"99":{"start":{"line":175,"column":8},"end":{"line":178,"column":11}},"100":{"start":{"line":177,"column":12},"end":{"line":177,"column":42}},"101":{"start":{"line":179,"column":8},"end":{"line":181,"column":11}},"102":{"start":{"line":180,"column":12},"end":{"line":180,"column":77}},"103":{"start":{"line":182,"column":8},"end":{"line":184,"column":10}},"104":{"start":{"line":183,"column":12},"end":{"line":183,"column":63}},"105":{"start":{"line":187,"column":4},"end":{"line":207,"column":7}},"106":{"start":{"line":188,"column":8},"end":{"line":188,"column":22}},"107":{"start":{"line":189,"column":8},"end":{"line":196,"column":11}},"108":{"start":{"line":190,"column":8},"end":{"line":195,"column":23}},"109":{"start":{"line":192,"column":24},"end":{"line":192,"column":58}},"110":{"start":{"line":193,"column":24},"end":{"line":193,"column":53}},"111":{"start":{"line":194,"column":24},"end":{"line":194,"column":31}},"112":{"start":{"line":197,"column":8},"end":{"line":200,"column":11}},"113":{"start":{"line":199,"column":12},"end":{"line":199,"column":42}},"114":{"start":{"line":201,"column":8},"end":{"line":203,"column":11}},"115":{"start":{"line":202,"column":12},"end":{"line":202,"column":76}},"116":{"start":{"line":204,"column":8},"end":{"line":206,"column":10}},"117":{"start":{"line":205,"column":12},"end":{"line":205,"column":63}},"118":{"start":{"line":209,"column":4},"end":{"line":228,"column":7}},"119":{"start":{"line":210,"column":8},"end":{"line":210,"column":22}},"120":{"start":{"line":211,"column":8},"end":{"line":218,"column":11}},"121":{"start":{"line":212,"column":8},"end":{"line":217,"column":23}},"122":{"start":{"line":214,"column":24},"end":{"line":214,"column":58}},"123":{"start":{"line":215,"column":24},"end":{"line":215,"column":53}},"124":{"start":{"line":216,"column":24},"end":{"line":216,"column":31}},"125":{"start":{"line":219,"column":8},"end":{"line":221,"column":11}},"126":{"start":{"line":220,"column":12},"end":{"line":220,"column":42}},"127":{"start":{"line":222,"column":8},"end":{"line":224,"column":11}},"128":{"start":{"line":223,"column":12},"end":{"line":223,"column":75}},"129":{"start":{"line":225,"column":8},"end":{"line":227,"column":10}},"130":{"start":{"line":226,"column":12},"end":{"line":226,"column":63}},"131":{"start":{"line":230,"column":8},"end":{"line":247,"column":7}},"132":{"start":{"line":231,"column":8},"end":{"line":231,"column":22}},"133":{"start":{"line":232,"column":8},"end":{"line":240,"column":11}},"134":{"start":{"line":233,"column":12},"end":{"line":239,"column":27}},"135":{"start":{"line":236,"column":28},"end":{"line":236,"column":62}},"136":{"start":{"line":237,"column":28},"end":{"line":237,"column":57}},"137":{"start":{"line":238,"column":28},"end":{"line":238,"column":35}},"138":{"start":{"line":241,"column":8},"end":{"line":243,"column":11}},"139":{"start":{"line":242,"column":12},"end":{"line":242,"column":42}},"140":{"start":{"line":244,"column":8},"end":{"line":246,"column":11}},"141":{"start":{"line":245,"column":12},"end":{"line":245,"column":61}},"142":{"start":{"line":250,"column":4},"end":{"line":267,"column":7}},"143":{"start":{"line":251,"column":8},"end":{"line":251,"column":22}},"144":{"start":{"line":252,"column":8},"end":{"line":260,"column":11}},"145":{"start":{"line":253,"column":12},"end":{"line":259,"column":27}},"146":{"start":{"line":256,"column":28},"end":{"line":256,"column":62}},"147":{"start":{"line":257,"column":28},"end":{"line":257,"column":57}},"148":{"start":{"line":258,"column":28},"end":{"line":258,"column":35}},"149":{"start":{"line":261,"column":8},"end":{"line":263,"column":11}},"150":{"start":{"line":262,"column":12},"end":{"line":262,"column":42}},"151":{"start":{"line":264,"column":8},"end":{"line":266,"column":11}},"152":{"start":{"line":265,"column":12},"end":{"line":265,"column":59}}},"branchMap":{}},"C:\\Users\\naukk\\Documents\\review-a-record\\spec\\spotifyspec.js":{"path":"C:\\Users\\naukk\\Documents\\review-a-record\\spec\\spotifyspec.js","s":{"1":1,"2":1,"3":1,"4":1,"5":1,"6":1,"7":1,"8":1,"9":1,"10":1,"11":1,"12":1,"13":1,"14":1,"15":1,"16":1,"17":1,"18":1},"b":{},"f":{"1":1},"fnMap":{"1":{"name":"(anonymous_1)","line":1,"loc":{"start":{"line":1,"column":30},"end":{"line":1,"column":41}}}},"statementMap":{"1":{"start":{"line":1,"column":0},"end":{"line":29,"column":3}},"2":{"start":{"line":2,"column":4},"end":{"line":2,"column":37}},"3":{"start":{"line":3,"column":4},"end":{"line":3,"column":15}},"4":{"start":{"line":5,"column":4},"end":{"line":7,"column":7}},"5":{"start":{"line":6,"column":8},"end":{"line":6,"column":45}},"6":{"start":{"line":9,"column":4},"end":{"line":28,"column":7}},"7":{"start":{"line":10,"column":8},"end":{"line":10,"column":22}},"8":{"start":{"line":11,"column":8},"end":{"line":18,"column":13}},"9":{"start":{"line":12,"column":10},"end":{"line":17,"column":25}},"10":{"start":{"line":14,"column":26},"end":{"line":14,"column":60}},"11":{"start":{"line":15,"column":26},"end":{"line":15,"column":55}},"12":{"start":{"line":16,"column":26},"end":{"line":16,"column":33}},"13":{"start":{"line":19,"column":10},"end":{"line":21,"column":13}},"14":{"start":{"line":20,"column":14},"end":{"line":20,"column":44}},"15":{"start":{"line":22,"column":10},"end":{"line":24,"column":13}},"16":{"start":{"line":23,"column":14},"end":{"line":23,"column":68}},"17":{"start":{"line":25,"column":10},"end":{"line":27,"column":13}},"18":{"start":{"line":26,"column":14},"end":{"line":26,"column":72}}},"branchMap":{}},"C:\\Users\\naukk\\Documents\\review-a-record\\server\\server.js":{"path":"C:\\Users\\naukk\\Documents\\review-a-record\\server\\server.js","s":{"1":1,"2":1,"3":1,"4":1,"5":1,"6":1,"7":1,"8":1,"9":1,"10":1,"11":1,"12":1,"13":1,"14":1,"15":0,"16":1,"17":1,"18":1,"19":1,"20":1,"21":1,"22":1,"23":1,"24":1,"25":1,"26":1,"27":1,"28":1,"29":1,"30":1,"31":0,"32":1,"33":1,"34":1,"35":1,"36":1},"b":{"1":[1,1],"2":[0,1],"3":[1,1]},"f":{"1":1},"fnMap":{"1":{"name":"(anonymous_1)","line":48,"loc":{"start":{"line":48,"column":8},"end":{"line":48,"column":38}}}},"statementMap":{"1":{"start":{"line":1,"column":0},"end":{"line":1,"column":39}},"2":{"start":{"line":2,"column":0},"end":{"line":2,"column":36}},"3":{"start":{"line":3,"column":0},"end":{"line":3,"column":38}},"4":{"start":{"line":4,"column":0},"end":{"line":4,"column":43}},"5":{"start":{"line":5,"column":0},"end":{"line":5,"column":39}},"6":{"start":{"line":6,"column":0},"end":{"line":6,"column":41}},"7":{"start":{"line":7,"column":0},"end":{"line":7,"column":40}},"8":{"start":{"line":9,"column":0},"end":{"line":9,"column":22}},"9":{"start":{"line":10,"column":0},"end":{"line":10,"column":46}},"10":{"start":{"line":11,"column":0},"end":{"line":13,"column":4}},"11":{"start":{"line":15,"column":0},"end":{"line":15,"column":27}},"12":{"start":{"line":16,"column":0},"end":{"line":16,"column":23}},"13":{"start":{"line":18,"column":0},"end":{"line":18,"column":42}},"14":{"start":{"line":20,"column":0},"end":{"line":22,"column":1}},"15":{"start":{"line":21,"column":2},"end":{"line":21,"column":46}},"16":{"start":{"line":24,"column":0},"end":{"line":24,"column":28}},"17":{"start":{"line":26,"column":0},"end":{"line":26,"column":54}},"18":{"start":{"line":27,"column":0},"end":{"line":27,"column":55}},"19":{"start":{"line":28,"column":0},"end":{"line":28,"column":55}},"20":{"start":{"line":30,"column":0},"end":{"line":30,"column":29}},"21":{"start":{"line":31,"column":0},"end":{"line":31,"column":38}},"22":{"start":{"line":33,"column":0},"end":{"line":33,"column":53}},"23":{"start":{"line":34,"column":0},"end":{"line":34,"column":70}},"24":{"start":{"line":35,"column":0},"end":{"line":35,"column":46}},"25":{"start":{"line":38,"column":0},"end":{"line":38,"column":54}},"26":{"start":{"line":39,"column":0},"end":{"line":39,"column":59}},"27":{"start":{"line":40,"column":0},"end":{"line":40,"column":57}},"28":{"start":{"line":41,"column":0},"end":{"line":41,"column":48}},"29":{"start":{"line":42,"column":0},"end":{"line":42,"column":47}},"30":{"start":{"line":44,"column":0},"end":{"line":46,"column":3}},"31":{"start":{"line":45,"column":2},"end":{"line":45,"column":74}},"32":{"start":{"line":48,"column":0},"end":{"line":56,"column":3}},"33":{"start":{"line":49,"column":2},"end":{"line":54,"column":5}},"34":{"start":{"line":55,"column":2},"end":{"line":55,"column":27}},"35":{"start":{"line":58,"column":0},"end":{"line":60,"column":3}},"36":{"start":{"line":59,"column":2},"end":{"line":59,"column":74}}},"branchMap":{"1":{"line":18,"type":"binary-expr","locations":[{"start":{"line":18,"column":16},"end":{"line":18,"column":32}},{"start":{"line":18,"column":36},"end":{"line":18,"column":40}}]},"2":{"line":20,"type":"if","locations":[{"start":{"line":20,"column":0},"end":{"line":20,"column":0}},{"start":{"line":20,"column":0},"end":{"line":20,"column":0}}]},"3":{"line":49,"type":"binary-expr","locations":[{"start":{"line":49,"column":13},"end":{"line":49,"column":23}},{"start":{"line":49,"column":27},"end":{"line":49,"column":30}}]}}},"C:\\Users\\naukk\\Documents\\review-a-record\\server\\spotify.js":{"path":"C:\\Users\\naukk\\Documents\\review-a-record\\server\\spotify.js","s":{"1":1,"2":1,"3":1,"4":1,"5":1,"6":1,"7":1,"8":1,"9":1,"10":0,"11":1,"12":0,"13":0,"14":1,"15":0,"16":0,"17":0,"18":0,"19":0,"20":1},"b":{},"f":{"1":1,"2":1,"3":0,"4":0,"5":0,"6":0,"7":0},"fnMap":{"1":{"name":"accessToken","line":40,"loc":{"start":{"line":40,"column":0},"end":{"line":40,"column":37}}},"2":{"name":"(anonymous_2)","line":51,"loc":{"start":{"line":51,"column":7},"end":{"line":51,"column":27}}},"3":{"name":"(anonymous_3)","line":60,"loc":{"start":{"line":60,"column":8},"end":{"line":60,"column":22}}},"4":{"name":"requestAuthorization","line":81,"loc":{"start":{"line":81,"column":0},"end":{"line":81,"column":46}}},"5":{"name":"authCallback","line":108,"loc":{"start":{"line":108,"column":0},"end":{"line":108,"column":38}}},"6":{"name":"(anonymous_6)","line":122,"loc":{"start":{"line":122,"column":8},"end":{"line":122,"column":27}}},"7":{"name":"(anonymous_7)","line":129,"loc":{"start":{"line":129,"column":9},"end":{"line":129,"column":23}}}},"statementMap":{"1":{"start":{"line":1,"column":0},"end":{"line":1,"column":31}},"2":{"start":{"line":2,"column":0},"end":{"line":2,"column":43}},"3":{"start":{"line":7,"column":0},"end":{"line":7,"column":53}},"4":{"start":{"line":8,"column":0},"end":{"line":8,"column":57}},"5":{"start":{"line":9,"column":0},"end":{"line":9,"column":82}},"6":{"start":{"line":40,"column":0},"end":{"line":63,"column":1}},"7":{"start":{"line":41,"column":1},"end":{"line":41,"column":78}},"8":{"start":{"line":42,"column":1},"end":{"line":62,"column":3}},"9":{"start":{"line":52,"column":2},"end":{"line":58,"column":13}},"10":{"start":{"line":61,"column":2},"end":{"line":61,"column":21}},"11":{"start":{"line":81,"column":0},"end":{"line":91,"column":1}},"12":{"start":{"line":82,"column":1},"end":{"line":82,"column":104}},"13":{"start":{"line":84,"column":1},"end":{"line":90,"column":8}},"14":{"start":{"line":108,"column":0},"end":{"line":132,"column":1}},"15":{"start":{"line":109,"column":1},"end":{"line":109,"column":27}},"16":{"start":{"line":111,"column":1},"end":{"line":115,"column":4}},"17":{"start":{"line":116,"column":1},"end":{"line":131,"column":4}},"18":{"start":{"line":123,"column":3},"end":{"line":127,"column":7}},"19":{"start":{"line":130,"column":3},"end":{"line":130,"column":20}},"20":{"start":{"line":137,"column":0},"end":{"line":141,"column":1}}},"branchMap":{}},"C:\\Users\\naukk\\Documents\\review-a-record\\server\\queries.js":{"path":"C:\\Users\\naukk\\Documents\\review-a-record\\server\\queries.js","s":{"1":1,"2":1,"3":1,"4":1,"5":1,"6":1,"7":1,"8":0,"9":1,"10":2,"11":2,"12":1,"13":1,"14":0,"15":1,"16":2,"17":1,"18":1,"19":1,"20":1,"21":0,"22":1,"23":1,"24":1,"25":1,"26":1,"27":1,"28":1,"29":1,"30":0,"31":0,"32":1,"33":0,"34":0,"35":0,"36":0,"37":0,"38":0,"39":0,"40":0,"41":1,"42":1,"43":1,"44":1,"45":1,"46":1,"47":1,"48":1,"49":0,"50":0,"51":1,"52":1,"53":1,"54":1,"55":0,"56":1,"57":0,"58":0,"59":0,"60":1,"61":1,"62":1,"63":1,"64":0,"65":0,"66":1,"67":1,"68":1,"69":1,"70":0,"71":0,"72":1,"73":1,"74":1,"75":1,"76":1,"77":0,"78":0,"79":1,"80":0,"81":0,"82":0,"83":0,"84":0,"85":1,"86":1,"87":1,"88":0,"89":1,"90":1,"91":1,"92":0,"93":1},"b":{"1":[1,1],"2":[1,1],"3":[2,1],"4":[1,0],"5":[0,0],"6":[0,0],"7":[0,0],"8":[1,0],"9":[1,0],"10":[1,0],"11":[1,0],"12":[0,0]},"f":{"1":1,"2":1,"3":2,"4":2,"5":2,"6":1,"7":1,"8":1,"9":0,"10":0,"11":1,"12":1,"13":1,"14":1,"15":0,"16":0,"17":0,"18":1,"19":1,"20":1,"21":1,"22":1,"23":1,"24":0,"25":0,"26":1,"27":1},"fnMap":{"1":{"name":"getUserId","line":22,"loc":{"start":{"line":22,"column":0},"end":{"line":22,"column":35}}},"2":{"name":"(anonymous_2)","line":24,"loc":{"start":{"line":24,"column":10},"end":{"line":24,"column":25}}},"3":{"name":"userNameAvailable","line":49,"loc":{"start":{"line":49,"column":0},"end":{"line":49,"column":43}}},"4":{"name":"(anonymous_4)","line":51,"loc":{"start":{"line":51,"column":9},"end":{"line":51,"column":24}}},"5":{"name":"createUser","line":84,"loc":{"start":{"line":84,"column":0},"end":{"line":84,"column":36}}},"6":{"name":"(anonymous_6)","line":93,"loc":{"start":{"line":93,"column":10},"end":{"line":93,"column":21}}},"7":{"name":"login","line":131,"loc":{"start":{"line":131,"column":0},"end":{"line":131,"column":30}}},"8":{"name":"(anonymous_8)","line":134,"loc":{"start":{"line":134,"column":10},"end":{"line":134,"column":25}}},"9":{"name":"testToken","line":159,"loc":{"start":{"line":159,"column":0},"end":{"line":159,"column":28}}},"10":{"name":"(anonymous_10)","line":163,"loc":{"start":{"line":163,"column":46},"end":{"line":163,"column":68}}},"11":{"name":"deleteUser","line":189,"loc":{"start":{"line":189,"column":0},"end":{"line":189,"column":36}}},"12":{"name":"(anonymous_12)","line":192,"loc":{"start":{"line":192,"column":10},"end":{"line":192,"column":25}}},"13":{"name":"saveReview","line":239,"loc":{"start":{"line":239,"column":0},"end":{"line":239,"column":36}}},"14":{"name":"(anonymous_14)","line":247,"loc":{"start":{"line":247,"column":8},"end":{"line":247,"column":19}}},"15":{"name":"(anonymous_15)","line":256,"loc":{"start":{"line":256,"column":9},"end":{"line":256,"column":23}}},"16":{"name":"getAllReviews","line":261,"loc":{"start":{"line":261,"column":0},"end":{"line":261,"column":39}}},"17":{"name":"(anonymous_17)","line":264,"loc":{"start":{"line":264,"column":8},"end":{"line":264,"column":24}}},"18":{"name":"getArtistReviews","line":328,"loc":{"start":{"line":328,"column":0},"end":{"line":328,"column":42}}},"19":{"name":"(anonymous_19)","line":330,"loc":{"start":{"line":330,"column":10},"end":{"line":330,"column":25}}},"20":{"name":"getAlbumReviews","line":403,"loc":{"start":{"line":403,"column":0},"end":{"line":403,"column":41}}},"21":{"name":"(anonymous_21)","line":408,"loc":{"start":{"line":408,"column":10},"end":{"line":408,"column":25}}},"22":{"name":"getUserReviews","line":482,"loc":{"start":{"line":482,"column":0},"end":{"line":482,"column":40}}},"23":{"name":"(anonymous_23)","line":485,"loc":{"start":{"line":485,"column":10},"end":{"line":485,"column":25}}},"24":{"name":"getLatestReviews","line":506,"loc":{"start":{"line":506,"column":0},"end":{"line":506,"column":42}}},"25":{"name":"(anonymous_25)","line":511,"loc":{"start":{"line":511,"column":10},"end":{"line":511,"column":25}}},"26":{"name":"deleteReview","line":532,"loc":{"start":{"line":532,"column":0},"end":{"line":532,"column":38}}},"27":{"name":"deleteByUserId","line":545,"loc":{"start":{"line":545,"column":0},"end":{"line":545,"column":31}}}},"statementMap":{"1":{"start":{"line":1,"column":0},"end":{"line":1,"column":27}},"2":{"start":{"line":2,"column":0},"end":{"line":2,"column":35}},"3":{"start":{"line":3,"column":0},"end":{"line":3,"column":35}},"4":{"start":{"line":4,"column":0},"end":{"line":4,"column":36}},"5":{"start":{"line":22,"column":0},"end":{"line":31,"column":1}},"6":{"start":{"line":23,"column":2},"end":{"line":30,"column":29}},"7":{"start":{"line":25,"column":8},"end":{"line":28,"column":12}},"8":{"start":{"line":30,"column":18},"end":{"line":30,"column":27}},"9":{"start":{"line":49,"column":0},"end":{"line":59,"column":1}},"10":{"start":{"line":50,"column":1},"end":{"line":58,"column":28}},"11":{"start":{"line":52,"column":5},"end":{"line":56,"column":6}},"12":{"start":{"line":53,"column":6},"end":{"line":53,"column":33}},"13":{"start":{"line":55,"column":6},"end":{"line":55,"column":34}},"14":{"start":{"line":58,"column":17},"end":{"line":58,"column":26}},"15":{"start":{"line":84,"column":0},"end":{"line":103,"column":1}},"16":{"start":{"line":85,"column":2},"end":{"line":87,"column":3}},"17":{"start":{"line":86,"column":4},"end":{"line":86,"column":45}},"18":{"start":{"line":89,"column":2},"end":{"line":89,"column":53}},"19":{"start":{"line":90,"column":2},"end":{"line":102,"column":29}},"20":{"start":{"line":94,"column":6},"end":{"line":100,"column":9}},"21":{"start":{"line":102,"column":18},"end":{"line":102,"column":27}},"22":{"start":{"line":131,"column":0},"end":{"line":157,"column":1}},"23":{"start":{"line":132,"column":2},"end":{"line":132,"column":39}},"24":{"start":{"line":133,"column":2},"end":{"line":156,"column":29}},"25":{"start":{"line":135,"column":8},"end":{"line":135,"column":71}},"26":{"start":{"line":136,"column":8},"end":{"line":138,"column":10}},"27":{"start":{"line":139,"column":8},"end":{"line":154,"column":9}},"28":{"start":{"line":140,"column":10},"end":{"line":140,"column":31}},"29":{"start":{"line":141,"column":10},"end":{"line":148,"column":14}},"30":{"start":{"line":150,"column":10},"end":{"line":153,"column":14}},"31":{"start":{"line":156,"column":18},"end":{"line":156,"column":27}},"32":{"start":{"line":159,"column":0},"end":{"line":187,"column":1}},"33":{"start":{"line":160,"column":2},"end":{"line":160,"column":53}},"34":{"start":{"line":162,"column":2},"end":{"line":186,"column":3}},"35":{"start":{"line":163,"column":4},"end":{"line":179,"column":6}},"36":{"start":{"line":164,"column":6},"end":{"line":164,"column":35}},"37":{"start":{"line":165,"column":6},"end":{"line":178,"column":7}},"38":{"start":{"line":166,"column":8},"end":{"line":170,"column":12}},"39":{"start":{"line":172,"column":8},"end":{"line":176,"column":12}},"40":{"start":{"line":181,"column":4},"end":{"line":185,"column":8}},"41":{"start":{"line":189,"column":0},"end":{"line":213,"column":1}},"42":{"start":{"line":190,"column":1},"end":{"line":190,"column":38}},"43":{"start":{"line":191,"column":2},"end":{"line":212,"column":29}},"44":{"start":{"line":193,"column":8},"end":{"line":193,"column":71}},"45":{"start":{"line":195,"column":8},"end":{"line":210,"column":9}},"46":{"start":{"line":196,"column":10},"end":{"line":196,"column":31}},"47":{"start":{"line":197,"column":10},"end":{"line":197,"column":38}},"48":{"start":{"line":198,"column":10},"end":{"line":203,"column":12}},"49":{"start":{"line":206,"column":10},"end":{"line":209,"column":14}},"50":{"start":{"line":212,"column":18},"end":{"line":212,"column":27}},"51":{"start":{"line":239,"column":0},"end":{"line":259,"column":1}},"52":{"start":{"line":240,"column":1},"end":{"line":240,"column":21}},"53":{"start":{"line":241,"column":1},"end":{"line":258,"column":5}},"54":{"start":{"line":248,"column":6},"end":{"line":254,"column":10}},"55":{"start":{"line":257,"column":6},"end":{"line":257,"column":23}},"56":{"start":{"line":261,"column":0},"end":{"line":274,"column":1}},"57":{"start":{"line":262,"column":1},"end":{"line":273,"column":30}},"58":{"start":{"line":265,"column":7},"end":{"line":271,"column":12}},"59":{"start":{"line":273,"column":19},"end":{"line":273,"column":28}},"60":{"start":{"line":328,"column":0},"end":{"line":350,"column":1}},"61":{"start":{"line":329,"column":2},"end":{"line":349,"column":29}},"62":{"start":{"line":331,"column":6},"end":{"line":346,"column":7}},"63":{"start":{"line":332,"column":9},"end":{"line":338,"column":13}},"64":{"start":{"line":340,"column":8},"end":{"line":345,"column":13}},"65":{"start":{"line":349,"column":18},"end":{"line":349,"column":27}},"66":{"start":{"line":403,"column":0},"end":{"line":428,"column":1}},"67":{"start":{"line":404,"column":2},"end":{"line":427,"column":29}},"68":{"start":{"line":410,"column":6},"end":{"line":425,"column":7}},"69":{"start":{"line":411,"column":9},"end":{"line":417,"column":13}},"70":{"start":{"line":419,"column":8},"end":{"line":424,"column":13}},"71":{"start":{"line":427,"column":18},"end":{"line":427,"column":27}},"72":{"start":{"line":482,"column":0},"end":{"line":504,"column":1}},"73":{"start":{"line":483,"column":2},"end":{"line":483,"column":43}},"74":{"start":{"line":484,"column":2},"end":{"line":503,"column":29}},"75":{"start":{"line":486,"column":6},"end":{"line":501,"column":7}},"76":{"start":{"line":487,"column":9},"end":{"line":493,"column":13}},"77":{"start":{"line":495,"column":8},"end":{"line":500,"column":13}},"78":{"start":{"line":503,"column":18},"end":{"line":503,"column":27}},"79":{"start":{"line":506,"column":0},"end":{"line":530,"column":1}},"80":{"start":{"line":507,"column":2},"end":{"line":529,"column":29}},"81":{"start":{"line":512,"column":6},"end":{"line":527,"column":7}},"82":{"start":{"line":513,"column":7},"end":{"line":519,"column":13}},"83":{"start":{"line":521,"column":8},"end":{"line":526,"column":13}},"84":{"start":{"line":529,"column":18},"end":{"line":529,"column":27}},"85":{"start":{"line":532,"column":0},"end":{"line":543,"column":1}},"86":{"start":{"line":533,"column":2},"end":{"line":542,"column":29}},"87":{"start":{"line":535,"column":6},"end":{"line":540,"column":11}},"88":{"start":{"line":542,"column":18},"end":{"line":542,"column":27}},"89":{"start":{"line":545,"column":0},"end":{"line":551,"column":1}},"90":{"start":{"line":546,"column":1},"end":{"line":550,"column":29}},"91":{"start":{"line":548,"column":7},"end":{"line":548,"column":24}},"92":{"start":{"line":550,"column":18},"end":{"line":550,"column":27}},"93":{"start":{"line":553,"column":0},"end":{"line":567,"column":1}}},"branchMap":{"1":{"line":52,"type":"if","locations":[{"start":{"line":52,"column":5},"end":{"line":52,"column":5}},{"start":{"line":52,"column":5},"end":{"line":52,"column":5}}]},"2":{"line":85,"type":"if","locations":[{"start":{"line":85,"column":2},"end":{"line":85,"column":2}},{"start":{"line":85,"column":2},"end":{"line":85,"column":2}}]},"3":{"line":85,"type":"binary-expr","locations":[{"start":{"line":85,"column":6},"end":{"line":85,"column":24}},{"start":{"line":85,"column":28},"end":{"line":85,"column":46}}]},"4":{"line":139,"type":"if","locations":[{"start":{"line":139,"column":8},"end":{"line":139,"column":8}},{"start":{"line":139,"column":8},"end":{"line":139,"column":8}}]},"5":{"line":160,"type":"binary-expr","locations":[{"start":{"line":160,"column":14},"end":{"line":160,"column":28}},{"start":{"line":160,"column":32},"end":{"line":160,"column":52}}]},"6":{"line":162,"type":"if","locations":[{"start":{"line":162,"column":2},"end":{"line":162,"column":2}},{"start":{"line":162,"column":2},"end":{"line":162,"column":2}}]},"7":{"line":165,"type":"if","locations":[{"start":{"line":165,"column":6},"end":{"line":165,"column":6}},{"start":{"line":165,"column":6},"end":{"line":165,"column":6}}]},"8":{"line":195,"type":"if","locations":[{"start":{"line":195,"column":8},"end":{"line":195,"column":8}},{"start":{"line":195,"column":8},"end":{"line":195,"column":8}}]},"9":{"line":331,"type":"if","locations":[{"start":{"line":331,"column":6},"end":{"line":331,"column":6}},{"start":{"line":331,"column":6},"end":{"line":331,"column":6}}]},"10":{"line":410,"type":"if","locations":[{"start":{"line":410,"column":6},"end":{"line":410,"column":6}},{"start":{"line":410,"column":6},"end":{"line":410,"column":6}}]},"11":{"line":486,"type":"if","locations":[{"start":{"line":486,"column":6},"end":{"line":486,"column":6}},{"start":{"line":486,"column":6},"end":{"line":486,"column":6}}]},"12":{"line":512,"type":"if","locations":[{"start":{"line":512,"column":6},"end":{"line":512,"column":6}},{"start":{"line":512,"column":6},"end":{"line":512,"column":6}}]}}},"C:\\Users\\naukk\\Documents\\review-a-record\\server\\db.js":{"path":"C:\\Users\\naukk\\Documents\\review-a-record\\server\\db.js","s":{"1":1,"2":1,"3":1,"4":1,"5":1,"6":1},"b":{},"f":{},"fnMap":{},"statementMap":{"1":{"start":{"line":1,"column":0},"end":{"line":1,"column":34}},"2":{"start":{"line":3,"column":0},"end":{"line":5,"column":2}},"3":{"start":{"line":7,"column":0},"end":{"line":7,"column":41}},"4":{"start":{"line":8,"column":0},"end":{"line":8,"column":83}},"5":{"start":{"line":9,"column":0},"end":{"line":9,"column":31}},"6":{"start":{"line":11,"column":0},"end":{"line":11,"column":20}}},"branchMap":{}},"C:\\Users\\naukk\\Documents\\review-a-record\\server\\router.js":{"path":"C:\\Users\\naukk\\Documents\\review-a-record\\server\\router.js","s":{"1":1,"2":1,"3":1,"4":1,"5":1,"6":1,"7":1,"8":1,"9":3,"10":3,"11":3,"12":3,"13":0,"14":3,"15":0,"16":1,"17":1,"18":1,"19":1},"b":{"1":[3,0],"2":[3,0],"3":[0,3]},"f":{"1":3,"2":3},"fnMap":{"1":{"name":"(anonymous_1)","line":11,"loc":{"start":{"line":11,"column":11},"end":{"line":11,"column":36}}},"2":{"name":"(anonymous_2)","line":15,"loc":{"start":{"line":15,"column":46},"end":{"line":15,"column":69}}}},"statementMap":{"1":{"start":{"line":1,"column":0},"end":{"line":1,"column":33}},"2":{"start":{"line":2,"column":0},"end":{"line":2,"column":30}},"3":{"start":{"line":3,"column":0},"end":{"line":3,"column":40}},"4":{"start":{"line":4,"column":0},"end":{"line":4,"column":34}},"5":{"start":{"line":6,"column":0},"end":{"line":6,"column":30}},"6":{"start":{"line":8,"column":0},"end":{"line":8,"column":30}},"7":{"start":{"line":9,"column":0},"end":{"line":9,"column":52}},"8":{"start":{"line":11,"column":0},"end":{"line":25,"column":2}},"9":{"start":{"line":12,"column":2},"end":{"line":12,"column":53}},"10":{"start":{"line":14,"column":2},"end":{"line":24,"column":3}},"11":{"start":{"line":15,"column":4},"end":{"line":21,"column":6}},"12":{"start":{"line":16,"column":6},"end":{"line":20,"column":7}},"13":{"start":{"line":17,"column":8},"end":{"line":17,"column":46}},"14":{"start":{"line":19,"column":8},"end":{"line":19,"column":15}},"15":{"start":{"line":23,"column":4},"end":{"line":23,"column":34}},"16":{"start":{"line":28,"column":0},"end":{"line":28,"column":51}},"17":{"start":{"line":29,"column":0},"end":{"line":29,"column":55}},"18":{"start":{"line":30,"column":0},"end":{"line":30,"column":49}},"19":{"start":{"line":33,"column":0},"end":{"line":33,"column":24}}},"branchMap":{"1":{"line":12,"type":"binary-expr","locations":[{"start":{"line":12,"column":14},"end":{"line":12,"column":28}},{"start":{"line":12,"column":32},"end":{"line":12,"column":52}}]},"2":{"line":14,"type":"if","locations":[{"start":{"line":14,"column":2},"end":{"line":14,"column":2}},{"start":{"line":14,"column":2},"end":{"line":14,"column":2}}]},"3":{"line":16,"type":"if","locations":[{"start":{"line":16,"column":6},"end":{"line":16,"column":6}},{"start":{"line":16,"column":6},"end":{"line":16,"column":6}}]}}}}