{"C:\\Users\\naukk\\Documents\\review-a-record\\spec\\dbspec.js":{"path":"C:\\Users\\naukk\\Documents\\review-a-record\\spec\\dbspec.js","s":{"1":1,"2":1,"3":1,"4":1,"5":1,"6":1,"7":1,"8":1,"9":1,"10":1,"11":1,"12":1,"13":1,"14":1,"15":1,"16":1,"17":1,"18":1,"19":1,"20":1,"21":1,"22":1,"23":1,"24":1,"25":1,"26":1,"27":1,"28":1,"29":1,"30":1,"31":1,"32":1,"33":1,"34":1,"35":1,"36":1,"37":1,"38":1,"39":1,"40":1,"41":1,"42":1,"43":1,"44":1,"45":1,"46":1,"47":1,"48":1,"49":1,"50":1,"51":1,"52":1,"53":1,"54":1,"55":1,"56":1,"57":1,"58":1,"59":1,"60":1,"61":1,"62":1,"63":1,"64":1,"65":1,"66":1,"67":1,"68":1,"69":1,"70":1,"71":1,"72":1,"73":1,"74":1,"75":1,"76":1,"77":1,"78":1,"79":1,"80":1,"81":1,"82":1,"83":1,"84":1,"85":1,"86":1,"87":1,"88":1,"89":1,"90":1,"91":1,"92":1,"93":1,"94":1,"95":1,"96":1,"97":1,"98":1,"99":1,"100":1,"101":1,"102":1,"103":1,"104":1,"105":1,"106":1,"107":1,"108":1,"109":1,"110":1,"111":1,"112":1,"113":1,"114":1,"115":1,"116":1,"117":1,"118":1,"119":1,"120":1,"121":1,"122":1,"123":1,"124":1,"125":1,"126":1,"127":1,"128":1,"129":1,"130":1,"131":1,"132":1,"133":1,"134":1,"135":1,"136":1,"137":1,"138":1,"139":1,"140":1,"141":1,"142":1,"143":1,"144":1,"145":1,"146":1,"147":1,"148":1,"149":1,"150":1,"151":1,"152":1,"153":1,"154":1,"155":1,"156":1,"157":1,"158":1,"159":1,"160":1,"161":1,"162":1,"163":1,"164":1,"165":1,"166":1,"167":1,"168":1,"169":1,"170":1,"171":1,"172":1,"173":1,"174":1,"175":1,"176":1,"177":1,"178":1,"179":1,"180":1,"181":1,"182":1,"183":1,"184":1,"185":1,"186":1,"187":1,"188":1,"189":1,"190":1,"191":1,"192":1,"193":1,"194":1,"195":1,"196":1,"197":1,"198":1,"199":1,"200":1,"201":1,"202":1,"203":1,"204":1,"205":1,"206":1,"207":1,"208":1,"209":1,"210":1,"211":1,"212":1,"213":1,"214":1,"215":1,"216":1,"217":1,"218":1,"219":1,"220":1,"221":1,"222":1,"223":1,"224":1,"225":1,"226":1,"227":1,"228":1,"229":1,"230":1,"231":1,"232":1,"233":1,"234":1,"235":1,"236":1,"237":1,"238":1,"239":1,"240":1,"241":1,"242":1,"243":1,"244":1,"245":1,"246":1,"247":1,"248":1,"249":1,"250":1,"251":1,"252":1,"253":1,"254":1,"255":1,"256":1,"257":1,"258":1,"259":1,"260":1,"261":1,"262":1,"263":1,"264":1,"265":1,"266":1,"267":1,"268":1,"269":1,"270":1,"271":1,"272":1,"273":1,"274":1,"275":1,"276":1,"277":1,"278":1,"279":1,"280":1,"281":1,"282":1,"283":1,"284":1,"285":1,"286":1,"287":1,"288":1,"289":1,"290":1,"291":1,"292":1,"293":1,"294":1,"295":1,"296":1,"297":1,"298":1,"299":1,"300":1,"301":1,"302":1,"303":1,"304":1,"305":1,"306":1,"307":1,"308":1,"309":1,"310":1,"311":1,"312":1,"313":1,"314":1,"315":1,"316":1,"317":1,"318":1,"319":1,"320":1,"321":1,"322":1,"323":1,"324":1,"325":1,"326":1,"327":1,"328":1,"329":1,"330":1,"331":1,"332":1,"333":1,"334":1,"335":1,"336":1,"337":1,"338":1,"339":1,"340":1,"341":1,"342":1,"343":1,"344":1,"345":1,"346":1,"347":1,"348":1},"b":{},"f":{"1":1},"fnMap":{"1":{"name":"(anonymous_1)","line":5,"loc":{"start":{"line":5,"column":22},"end":{"line":5,"column":34}}}},"statementMap":{"1":{"start":{"line":5,"column":0},"end":{"line":654,"column":3}},"2":{"start":{"line":7,"column":2},"end":{"line":7,"column":13}},"3":{"start":{"line":8,"column":2},"end":{"line":10,"column":5}},"4":{"start":{"line":9,"column":4},"end":{"line":9,"column":41}},"5":{"start":{"line":13,"column":2},"end":{"line":13,"column":35}},"6":{"start":{"line":16,"column":2},"end":{"line":16,"column":17}},"7":{"start":{"line":17,"column":2},"end":{"line":17,"column":24}},"8":{"start":{"line":20,"column":2},"end":{"line":20,"column":13}},"9":{"start":{"line":21,"column":2},"end":{"line":21,"column":20}},"10":{"start":{"line":24,"column":2},"end":{"line":24,"column":15}},"11":{"start":{"line":27,"column":2},"end":{"line":27,"column":39}},"12":{"start":{"line":29,"column":2},"end":{"line":48,"column":5}},"13":{"start":{"line":30,"column":4},"end":{"line":30,"column":18}},"14":{"start":{"line":31,"column":4},"end":{"line":41,"column":7}},"15":{"start":{"line":32,"column":6},"end":{"line":40,"column":11}},"16":{"start":{"line":37,"column":10},"end":{"line":37,"column":44}},"17":{"start":{"line":38,"column":10},"end":{"line":38,"column":39}},"18":{"start":{"line":39,"column":10},"end":{"line":39,"column":17}},"19":{"start":{"line":42,"column":4},"end":{"line":44,"column":7}},"20":{"start":{"line":43,"column":6},"end":{"line":43,"column":36}},"21":{"start":{"line":45,"column":4},"end":{"line":47,"column":7}},"22":{"start":{"line":46,"column":6},"end":{"line":46,"column":57}},"23":{"start":{"line":50,"column":2},"end":{"line":69,"column":5}},"24":{"start":{"line":51,"column":4},"end":{"line":51,"column":18}},"25":{"start":{"line":52,"column":4},"end":{"line":62,"column":7}},"26":{"start":{"line":53,"column":6},"end":{"line":61,"column":11}},"27":{"start":{"line":58,"column":10},"end":{"line":58,"column":44}},"28":{"start":{"line":59,"column":10},"end":{"line":59,"column":39}},"29":{"start":{"line":60,"column":10},"end":{"line":60,"column":17}},"30":{"start":{"line":63,"column":4},"end":{"line":65,"column":7}},"31":{"start":{"line":64,"column":6},"end":{"line":64,"column":36}},"32":{"start":{"line":66,"column":4},"end":{"line":68,"column":7}},"33":{"start":{"line":67,"column":6},"end":{"line":67,"column":57}},"34":{"start":{"line":72,"column":2},"end":{"line":91,"column":5}},"35":{"start":{"line":73,"column":4},"end":{"line":73,"column":18}},"36":{"start":{"line":74,"column":4},"end":{"line":84,"column":7}},"37":{"start":{"line":75,"column":6},"end":{"line":83,"column":11}},"38":{"start":{"line":80,"column":10},"end":{"line":80,"column":44}},"39":{"start":{"line":81,"column":10},"end":{"line":81,"column":39}},"40":{"start":{"line":82,"column":10},"end":{"line":82,"column":17}},"41":{"start":{"line":85,"column":4},"end":{"line":87,"column":7}},"42":{"start":{"line":86,"column":6},"end":{"line":86,"column":36}},"43":{"start":{"line":88,"column":4},"end":{"line":90,"column":7}},"44":{"start":{"line":89,"column":6},"end":{"line":89,"column":45}},"45":{"start":{"line":93,"column":2},"end":{"line":122,"column":5}},"46":{"start":{"line":94,"column":4},"end":{"line":94,"column":18}},"47":{"start":{"line":95,"column":4},"end":{"line":106,"column":7}},"48":{"start":{"line":96,"column":6},"end":{"line":105,"column":11}},"49":{"start":{"line":101,"column":10},"end":{"line":101,"column":44}},"50":{"start":{"line":102,"column":10},"end":{"line":102,"column":39}},"51":{"start":{"line":103,"column":10},"end":{"line":103,"column":34}},"52":{"start":{"line":104,"column":10},"end":{"line":104,"column":17}},"53":{"start":{"line":107,"column":4},"end":{"line":109,"column":7}},"54":{"start":{"line":108,"column":6},"end":{"line":108,"column":36}},"55":{"start":{"line":110,"column":4},"end":{"line":112,"column":7}},"56":{"start":{"line":111,"column":6},"end":{"line":111,"column":57}},"57":{"start":{"line":114,"column":4},"end":{"line":116,"column":6}},"58":{"start":{"line":115,"column":6},"end":{"line":115,"column":43}},"59":{"start":{"line":118,"column":4},"end":{"line":121,"column":6}},"60":{"start":{"line":119,"column":6},"end":{"line":119,"column":44}},"61":{"start":{"line":120,"column":6},"end":{"line":120,"column":32}},"62":{"start":{"line":124,"column":2},"end":{"line":153,"column":5}},"63":{"start":{"line":125,"column":4},"end":{"line":125,"column":18}},"64":{"start":{"line":126,"column":4},"end":{"line":137,"column":7}},"65":{"start":{"line":127,"column":6},"end":{"line":136,"column":11}},"66":{"start":{"line":132,"column":10},"end":{"line":132,"column":44}},"67":{"start":{"line":133,"column":10},"end":{"line":133,"column":39}},"68":{"start":{"line":134,"column":10},"end":{"line":134,"column":41}},"69":{"start":{"line":135,"column":10},"end":{"line":135,"column":17}},"70":{"start":{"line":138,"column":4},"end":{"line":140,"column":7}},"71":{"start":{"line":139,"column":6},"end":{"line":139,"column":36}},"72":{"start":{"line":141,"column":4},"end":{"line":143,"column":7}},"73":{"start":{"line":142,"column":6},"end":{"line":142,"column":57}},"74":{"start":{"line":145,"column":4},"end":{"line":147,"column":6}},"75":{"start":{"line":146,"column":6},"end":{"line":146,"column":43}},"76":{"start":{"line":149,"column":4},"end":{"line":152,"column":6}},"77":{"start":{"line":150,"column":6},"end":{"line":150,"column":44}},"78":{"start":{"line":151,"column":6},"end":{"line":151,"column":39}},"79":{"start":{"line":155,"column":2},"end":{"line":179,"column":5}},"80":{"start":{"line":156,"column":4},"end":{"line":156,"column":18}},"81":{"start":{"line":157,"column":4},"end":{"line":167,"column":7}},"82":{"start":{"line":158,"column":6},"end":{"line":166,"column":11}},"83":{"start":{"line":163,"column":10},"end":{"line":163,"column":44}},"84":{"start":{"line":164,"column":10},"end":{"line":164,"column":39}},"85":{"start":{"line":165,"column":10},"end":{"line":165,"column":17}},"86":{"start":{"line":168,"column":4},"end":{"line":170,"column":7}},"87":{"start":{"line":169,"column":6},"end":{"line":169,"column":36}},"88":{"start":{"line":172,"column":4},"end":{"line":174,"column":7}},"89":{"start":{"line":173,"column":6},"end":{"line":173,"column":40}},"90":{"start":{"line":176,"column":4},"end":{"line":178,"column":7}},"91":{"start":{"line":177,"column":6},"end":{"line":177,"column":44}},"92":{"start":{"line":181,"column":2},"end":{"line":197,"column":5}},"93":{"start":{"line":182,"column":4},"end":{"line":182,"column":18}},"94":{"start":{"line":183,"column":4},"end":{"line":193,"column":7}},"95":{"start":{"line":184,"column":6},"end":{"line":192,"column":11}},"96":{"start":{"line":189,"column":10},"end":{"line":189,"column":44}},"97":{"start":{"line":190,"column":10},"end":{"line":190,"column":39}},"98":{"start":{"line":191,"column":10},"end":{"line":191,"column":17}},"99":{"start":{"line":194,"column":4},"end":{"line":196,"column":7}},"100":{"start":{"line":195,"column":6},"end":{"line":195,"column":36}},"101":{"start":{"line":199,"column":2},"end":{"line":217,"column":5}},"102":{"start":{"line":200,"column":4},"end":{"line":200,"column":18}},"103":{"start":{"line":201,"column":4},"end":{"line":208,"column":7}},"104":{"start":{"line":202,"column":6},"end":{"line":207,"column":11}},"105":{"start":{"line":204,"column":10},"end":{"line":204,"column":44}},"106":{"start":{"line":205,"column":10},"end":{"line":205,"column":27}},"107":{"start":{"line":206,"column":10},"end":{"line":206,"column":17}},"108":{"start":{"line":210,"column":4},"end":{"line":212,"column":7}},"109":{"start":{"line":211,"column":6},"end":{"line":211,"column":36}},"110":{"start":{"line":214,"column":4},"end":{"line":216,"column":7}},"111":{"start":{"line":215,"column":6},"end":{"line":215,"column":38}},"112":{"start":{"line":219,"column":2},"end":{"line":236,"column":5}},"113":{"start":{"line":220,"column":4},"end":{"line":220,"column":18}},"114":{"start":{"line":221,"column":4},"end":{"line":228,"column":7}},"115":{"start":{"line":222,"column":6},"end":{"line":227,"column":11}},"116":{"start":{"line":224,"column":10},"end":{"line":224,"column":44}},"117":{"start":{"line":225,"column":10},"end":{"line":225,"column":39}},"118":{"start":{"line":226,"column":10},"end":{"line":226,"column":17}},"119":{"start":{"line":230,"column":4},"end":{"line":232,"column":7}},"120":{"start":{"line":231,"column":6},"end":{"line":231,"column":36}},"121":{"start":{"line":233,"column":4},"end":{"line":235,"column":7}},"122":{"start":{"line":234,"column":6},"end":{"line":234,"column":44}},"123":{"start":{"line":238,"column":2},"end":{"line":256,"column":5}},"124":{"start":{"line":239,"column":4},"end":{"line":239,"column":18}},"125":{"start":{"line":240,"column":4},"end":{"line":248,"column":7}},"126":{"start":{"line":241,"column":6},"end":{"line":247,"column":11}},"127":{"start":{"line":243,"column":10},"end":{"line":243,"column":44}},"128":{"start":{"line":244,"column":10},"end":{"line":244,"column":39}},"129":{"start":{"line":245,"column":10},"end":{"line":245,"column":33}},"130":{"start":{"line":246,"column":10},"end":{"line":246,"column":17}},"131":{"start":{"line":250,"column":4},"end":{"line":252,"column":7}},"132":{"start":{"line":251,"column":6},"end":{"line":251,"column":36}},"133":{"start":{"line":253,"column":4},"end":{"line":255,"column":7}},"134":{"start":{"line":254,"column":6},"end":{"line":254,"column":60}},"135":{"start":{"line":259,"column":2},"end":{"line":276,"column":5}},"136":{"start":{"line":260,"column":4},"end":{"line":260,"column":18}},"137":{"start":{"line":261,"column":4},"end":{"line":268,"column":7}},"138":{"start":{"line":262,"column":6},"end":{"line":267,"column":11}},"139":{"start":{"line":264,"column":10},"end":{"line":264,"column":44}},"140":{"start":{"line":265,"column":10},"end":{"line":265,"column":27}},"141":{"start":{"line":266,"column":10},"end":{"line":266,"column":17}},"142":{"start":{"line":270,"column":4},"end":{"line":272,"column":7}},"143":{"start":{"line":271,"column":6},"end":{"line":271,"column":36}},"144":{"start":{"line":273,"column":4},"end":{"line":275,"column":7}},"145":{"start":{"line":274,"column":6},"end":{"line":274,"column":37}},"146":{"start":{"line":279,"column":2},"end":{"line":308,"column":4}},"147":{"start":{"line":280,"column":4},"end":{"line":280,"column":18}},"148":{"start":{"line":281,"column":4},"end":{"line":299,"column":7}},"149":{"start":{"line":282,"column":6},"end":{"line":298,"column":11}},"150":{"start":{"line":294,"column":10},"end":{"line":294,"column":44}},"151":{"start":{"line":295,"column":10},"end":{"line":295,"column":39}},"152":{"start":{"line":296,"column":10},"end":{"line":296,"column":40}},"153":{"start":{"line":297,"column":10},"end":{"line":297,"column":17}},"154":{"start":{"line":301,"column":4},"end":{"line":303,"column":7}},"155":{"start":{"line":302,"column":6},"end":{"line":302,"column":36}},"156":{"start":{"line":305,"column":4},"end":{"line":307,"column":7}},"157":{"start":{"line":306,"column":6},"end":{"line":306,"column":57}},"158":{"start":{"line":310,"column":2},"end":{"line":330,"column":5}},"159":{"start":{"line":311,"column":4},"end":{"line":311,"column":18}},"160":{"start":{"line":312,"column":4},"end":{"line":319,"column":7}},"161":{"start":{"line":313,"column":6},"end":{"line":318,"column":11}},"162":{"start":{"line":315,"column":10},"end":{"line":315,"column":44}},"163":{"start":{"line":316,"column":10},"end":{"line":316,"column":39}},"164":{"start":{"line":317,"column":10},"end":{"line":317,"column":17}},"165":{"start":{"line":320,"column":4},"end":{"line":323,"column":7}},"166":{"start":{"line":322,"column":6},"end":{"line":322,"column":36}},"167":{"start":{"line":324,"column":4},"end":{"line":326,"column":7}},"168":{"start":{"line":325,"column":6},"end":{"line":325,"column":71}},"169":{"start":{"line":327,"column":4},"end":{"line":329,"column":6}},"170":{"start":{"line":328,"column":6},"end":{"line":328,"column":57}},"171":{"start":{"line":332,"column":2},"end":{"line":352,"column":5}},"172":{"start":{"line":333,"column":4},"end":{"line":333,"column":18}},"173":{"start":{"line":334,"column":4},"end":{"line":341,"column":7}},"174":{"start":{"line":335,"column":6},"end":{"line":340,"column":11}},"175":{"start":{"line":337,"column":10},"end":{"line":337,"column":44}},"176":{"start":{"line":338,"column":10},"end":{"line":338,"column":39}},"177":{"start":{"line":339,"column":10},"end":{"line":339,"column":17}},"178":{"start":{"line":342,"column":4},"end":{"line":345,"column":7}},"179":{"start":{"line":344,"column":6},"end":{"line":344,"column":36}},"180":{"start":{"line":346,"column":4},"end":{"line":348,"column":7}},"181":{"start":{"line":347,"column":6},"end":{"line":347,"column":70}},"182":{"start":{"line":349,"column":4},"end":{"line":351,"column":6}},"183":{"start":{"line":350,"column":6},"end":{"line":350,"column":57}},"184":{"start":{"line":354,"column":2},"end":{"line":378,"column":4}},"185":{"start":{"line":355,"column":4},"end":{"line":355,"column":18}},"186":{"start":{"line":356,"column":4},"end":{"line":371,"column":7}},"187":{"start":{"line":357,"column":6},"end":{"line":370,"column":11}},"188":{"start":{"line":367,"column":10},"end":{"line":367,"column":44}},"189":{"start":{"line":368,"column":10},"end":{"line":368,"column":39}},"190":{"start":{"line":369,"column":10},"end":{"line":369,"column":17}},"191":{"start":{"line":372,"column":4},"end":{"line":374,"column":7}},"192":{"start":{"line":373,"column":6},"end":{"line":373,"column":36}},"193":{"start":{"line":375,"column":4},"end":{"line":377,"column":7}},"194":{"start":{"line":376,"column":6},"end":{"line":376,"column":80}},"195":{"start":{"line":380,"column":2},"end":{"line":399,"column":5}},"196":{"start":{"line":381,"column":4},"end":{"line":381,"column":18}},"197":{"start":{"line":382,"column":4},"end":{"line":389,"column":7}},"198":{"start":{"line":383,"column":6},"end":{"line":388,"column":11}},"199":{"start":{"line":385,"column":10},"end":{"line":385,"column":44}},"200":{"start":{"line":386,"column":10},"end":{"line":386,"column":39}},"201":{"start":{"line":387,"column":10},"end":{"line":387,"column":17}},"202":{"start":{"line":390,"column":4},"end":{"line":392,"column":7}},"203":{"start":{"line":391,"column":6},"end":{"line":391,"column":36}},"204":{"start":{"line":393,"column":4},"end":{"line":395,"column":7}},"205":{"start":{"line":394,"column":6},"end":{"line":394,"column":69}},"206":{"start":{"line":396,"column":4},"end":{"line":398,"column":6}},"207":{"start":{"line":397,"column":6},"end":{"line":397,"column":57}},"208":{"start":{"line":401,"column":2},"end":{"line":419,"column":5}},"209":{"start":{"line":402,"column":4},"end":{"line":402,"column":18}},"210":{"start":{"line":403,"column":4},"end":{"line":412,"column":7}},"211":{"start":{"line":404,"column":6},"end":{"line":411,"column":11}},"212":{"start":{"line":408,"column":10},"end":{"line":408,"column":44}},"213":{"start":{"line":409,"column":10},"end":{"line":409,"column":39}},"214":{"start":{"line":410,"column":10},"end":{"line":410,"column":17}},"215":{"start":{"line":413,"column":4},"end":{"line":415,"column":7}},"216":{"start":{"line":414,"column":6},"end":{"line":414,"column":36}},"217":{"start":{"line":416,"column":4},"end":{"line":418,"column":7}},"218":{"start":{"line":417,"column":6},"end":{"line":417,"column":52}},"219":{"start":{"line":421,"column":2},"end":{"line":439,"column":5}},"220":{"start":{"line":422,"column":4},"end":{"line":422,"column":18}},"221":{"start":{"line":423,"column":4},"end":{"line":432,"column":7}},"222":{"start":{"line":424,"column":6},"end":{"line":431,"column":11}},"223":{"start":{"line":428,"column":10},"end":{"line":428,"column":44}},"224":{"start":{"line":429,"column":10},"end":{"line":429,"column":39}},"225":{"start":{"line":430,"column":10},"end":{"line":430,"column":17}},"226":{"start":{"line":433,"column":4},"end":{"line":435,"column":7}},"227":{"start":{"line":434,"column":6},"end":{"line":434,"column":36}},"228":{"start":{"line":436,"column":4},"end":{"line":438,"column":7}},"229":{"start":{"line":437,"column":6},"end":{"line":437,"column":52}},"230":{"start":{"line":441,"column":2},"end":{"line":460,"column":5}},"231":{"start":{"line":442,"column":4},"end":{"line":442,"column":18}},"232":{"start":{"line":443,"column":4},"end":{"line":450,"column":7}},"233":{"start":{"line":444,"column":6},"end":{"line":449,"column":9}},"234":{"start":{"line":446,"column":8},"end":{"line":446,"column":42}},"235":{"start":{"line":447,"column":8},"end":{"line":447,"column":37}},"236":{"start":{"line":448,"column":8},"end":{"line":448,"column":15}},"237":{"start":{"line":451,"column":4},"end":{"line":453,"column":7}},"238":{"start":{"line":452,"column":6},"end":{"line":452,"column":36}},"239":{"start":{"line":454,"column":4},"end":{"line":456,"column":7}},"240":{"start":{"line":455,"column":6},"end":{"line":455,"column":61}},"241":{"start":{"line":457,"column":4},"end":{"line":459,"column":7}},"242":{"start":{"line":458,"column":6},"end":{"line":458,"column":48}},"243":{"start":{"line":462,"column":2},"end":{"line":481,"column":5}},"244":{"start":{"line":463,"column":4},"end":{"line":463,"column":18}},"245":{"start":{"line":464,"column":4},"end":{"line":471,"column":7}},"246":{"start":{"line":465,"column":6},"end":{"line":470,"column":11}},"247":{"start":{"line":467,"column":10},"end":{"line":467,"column":44}},"248":{"start":{"line":468,"column":10},"end":{"line":468,"column":39}},"249":{"start":{"line":469,"column":10},"end":{"line":469,"column":17}},"250":{"start":{"line":472,"column":4},"end":{"line":474,"column":7}},"251":{"start":{"line":473,"column":6},"end":{"line":473,"column":36}},"252":{"start":{"line":475,"column":4},"end":{"line":477,"column":7}},"253":{"start":{"line":476,"column":6},"end":{"line":476,"column":67}},"254":{"start":{"line":478,"column":4},"end":{"line":480,"column":6}},"255":{"start":{"line":479,"column":6},"end":{"line":479,"column":57}},"256":{"start":{"line":484,"column":2},"end":{"line":503,"column":5}},"257":{"start":{"line":485,"column":4},"end":{"line":485,"column":18}},"258":{"start":{"line":486,"column":4},"end":{"line":493,"column":7}},"259":{"start":{"line":487,"column":6},"end":{"line":492,"column":11}},"260":{"start":{"line":489,"column":10},"end":{"line":489,"column":44}},"261":{"start":{"line":490,"column":10},"end":{"line":490,"column":39}},"262":{"start":{"line":491,"column":10},"end":{"line":491,"column":17}},"263":{"start":{"line":494,"column":4},"end":{"line":496,"column":7}},"264":{"start":{"line":495,"column":6},"end":{"line":495,"column":36}},"265":{"start":{"line":497,"column":4},"end":{"line":499,"column":7}},"266":{"start":{"line":498,"column":6},"end":{"line":498,"column":62}},"267":{"start":{"line":500,"column":4},"end":{"line":502,"column":6}},"268":{"start":{"line":501,"column":6},"end":{"line":501,"column":57}},"269":{"start":{"line":505,"column":2},"end":{"line":524,"column":5}},"270":{"start":{"line":506,"column":4},"end":{"line":506,"column":18}},"271":{"start":{"line":507,"column":4},"end":{"line":517,"column":7}},"272":{"start":{"line":508,"column":6},"end":{"line":516,"column":11}},"273":{"start":{"line":513,"column":10},"end":{"line":513,"column":44}},"274":{"start":{"line":514,"column":10},"end":{"line":514,"column":39}},"275":{"start":{"line":515,"column":10},"end":{"line":515,"column":17}},"276":{"start":{"line":518,"column":4},"end":{"line":520,"column":7}},"277":{"start":{"line":519,"column":6},"end":{"line":519,"column":36}},"278":{"start":{"line":521,"column":4},"end":{"line":523,"column":7}},"279":{"start":{"line":522,"column":6},"end":{"line":522,"column":55}},"280":{"start":{"line":527,"column":2},"end":{"line":544,"column":5}},"281":{"start":{"line":528,"column":4},"end":{"line":528,"column":18}},"282":{"start":{"line":529,"column":4},"end":{"line":536,"column":7}},"283":{"start":{"line":530,"column":6},"end":{"line":535,"column":11}},"284":{"start":{"line":532,"column":10},"end":{"line":532,"column":44}},"285":{"start":{"line":533,"column":10},"end":{"line":533,"column":39}},"286":{"start":{"line":534,"column":10},"end":{"line":534,"column":17}},"287":{"start":{"line":537,"column":4},"end":{"line":539,"column":7}},"288":{"start":{"line":538,"column":6},"end":{"line":538,"column":36}},"289":{"start":{"line":540,"column":4},"end":{"line":542,"column":7}},"290":{"start":{"line":541,"column":6},"end":{"line":541,"column":57}},"291":{"start":{"line":546,"column":2},"end":{"line":562,"column":5}},"292":{"start":{"line":547,"column":4},"end":{"line":547,"column":18}},"293":{"start":{"line":548,"column":4},"end":{"line":555,"column":7}},"294":{"start":{"line":549,"column":6},"end":{"line":554,"column":11}},"295":{"start":{"line":551,"column":10},"end":{"line":551,"column":44}},"296":{"start":{"line":552,"column":10},"end":{"line":552,"column":39}},"297":{"start":{"line":553,"column":10},"end":{"line":553,"column":17}},"298":{"start":{"line":556,"column":4},"end":{"line":558,"column":7}},"299":{"start":{"line":557,"column":6},"end":{"line":557,"column":36}},"300":{"start":{"line":559,"column":4},"end":{"line":561,"column":7}},"301":{"start":{"line":560,"column":6},"end":{"line":560,"column":57}},"302":{"start":{"line":564,"column":2},"end":{"line":583,"column":4}},"303":{"start":{"line":565,"column":4},"end":{"line":565,"column":18}},"304":{"start":{"line":566,"column":4},"end":{"line":575,"column":7}},"305":{"start":{"line":567,"column":6},"end":{"line":574,"column":11}},"306":{"start":{"line":569,"column":10},"end":{"line":569,"column":44}},"307":{"start":{"line":570,"column":10},"end":{"line":570,"column":39}},"308":{"start":{"line":571,"column":10},"end":{"line":571,"column":42}},"309":{"start":{"line":572,"column":10},"end":{"line":572,"column":34}},"310":{"start":{"line":573,"column":10},"end":{"line":573,"column":17}},"311":{"start":{"line":576,"column":4},"end":{"line":578,"column":7}},"312":{"start":{"line":577,"column":6},"end":{"line":577,"column":36}},"313":{"start":{"line":580,"column":4},"end":{"line":582,"column":7}},"314":{"start":{"line":581,"column":6},"end":{"line":581,"column":41}},"315":{"start":{"line":585,"column":2},"end":{"line":608,"column":5}},"316":{"start":{"line":586,"column":4},"end":{"line":586,"column":18}},"317":{"start":{"line":587,"column":4},"end":{"line":601,"column":7}},"318":{"start":{"line":588,"column":6},"end":{"line":600,"column":11}},"319":{"start":{"line":597,"column":10},"end":{"line":597,"column":44}},"320":{"start":{"line":598,"column":10},"end":{"line":598,"column":39}},"321":{"start":{"line":599,"column":10},"end":{"line":599,"column":17}},"322":{"start":{"line":602,"column":4},"end":{"line":604,"column":7}},"323":{"start":{"line":603,"column":6},"end":{"line":603,"column":36}},"324":{"start":{"line":605,"column":4},"end":{"line":607,"column":7}},"325":{"start":{"line":606,"column":6},"end":{"line":606,"column":70}},"326":{"start":{"line":610,"column":2},"end":{"line":633,"column":5}},"327":{"start":{"line":611,"column":4},"end":{"line":611,"column":18}},"328":{"start":{"line":612,"column":4},"end":{"line":626,"column":7}},"329":{"start":{"line":613,"column":6},"end":{"line":625,"column":11}},"330":{"start":{"line":622,"column":10},"end":{"line":622,"column":44}},"331":{"start":{"line":623,"column":10},"end":{"line":623,"column":39}},"332":{"start":{"line":624,"column":10},"end":{"line":624,"column":17}},"333":{"start":{"line":627,"column":4},"end":{"line":629,"column":7}},"334":{"start":{"line":628,"column":6},"end":{"line":628,"column":36}},"335":{"start":{"line":630,"column":4},"end":{"line":632,"column":7}},"336":{"start":{"line":631,"column":6},"end":{"line":631,"column":63}},"337":{"start":{"line":635,"column":2},"end":{"line":652,"column":5}},"338":{"start":{"line":636,"column":4},"end":{"line":636,"column":18}},"339":{"start":{"line":637,"column":4},"end":{"line":645,"column":7}},"340":{"start":{"line":638,"column":6},"end":{"line":644,"column":11}},"341":{"start":{"line":640,"column":10},"end":{"line":640,"column":44}},"342":{"start":{"line":641,"column":10},"end":{"line":641,"column":36}},"343":{"start":{"line":642,"column":10},"end":{"line":642,"column":42}},"344":{"start":{"line":643,"column":10},"end":{"line":643,"column":17}},"345":{"start":{"line":646,"column":4},"end":{"line":648,"column":7}},"346":{"start":{"line":647,"column":6},"end":{"line":647,"column":36}},"347":{"start":{"line":649,"column":4},"end":{"line":651,"column":7}},"348":{"start":{"line":650,"column":6},"end":{"line":650,"column":76}}},"branchMap":{}},"C:\\Users\\naukk\\Documents\\review-a-record\\spec\\spotifyspec.js":{"path":"C:\\Users\\naukk\\Documents\\review-a-record\\spec\\spotifyspec.js","s":{"1":1,"2":1,"3":1,"4":1,"5":1,"6":1,"7":1,"8":1,"9":1,"10":1,"11":1,"12":1,"13":1,"14":1,"15":1,"16":1,"17":1,"18":1,"19":1,"20":1,"21":1,"22":1,"23":1,"24":1,"25":1,"26":1,"27":1,"28":1,"29":1,"30":1},"b":{},"f":{"1":1},"fnMap":{"1":{"name":"(anonymous_1)","line":5,"loc":{"start":{"line":5,"column":30},"end":{"line":5,"column":42}}}},"statementMap":{"1":{"start":{"line":5,"column":0},"end":{"line":56,"column":3}},"2":{"start":{"line":7,"column":2},"end":{"line":7,"column":35}},"3":{"start":{"line":10,"column":2},"end":{"line":10,"column":13}},"4":{"start":{"line":11,"column":2},"end":{"line":13,"column":5}},"5":{"start":{"line":12,"column":4},"end":{"line":12,"column":41}},"6":{"start":{"line":16,"column":2},"end":{"line":35,"column":5}},"7":{"start":{"line":17,"column":4},"end":{"line":17,"column":18}},"8":{"start":{"line":18,"column":4},"end":{"line":25,"column":7}},"9":{"start":{"line":19,"column":6},"end":{"line":24,"column":11}},"10":{"start":{"line":21,"column":10},"end":{"line":21,"column":44}},"11":{"start":{"line":22,"column":10},"end":{"line":22,"column":39}},"12":{"start":{"line":23,"column":10},"end":{"line":23,"column":17}},"13":{"start":{"line":26,"column":4},"end":{"line":28,"column":7}},"14":{"start":{"line":27,"column":6},"end":{"line":27,"column":36}},"15":{"start":{"line":29,"column":4},"end":{"line":31,"column":7}},"16":{"start":{"line":30,"column":6},"end":{"line":30,"column":60}},"17":{"start":{"line":32,"column":4},"end":{"line":34,"column":7}},"18":{"start":{"line":33,"column":6},"end":{"line":33,"column":64}},"19":{"start":{"line":37,"column":2},"end":{"line":55,"column":4}},"20":{"start":{"line":38,"column":4},"end":{"line":38,"column":18}},"21":{"start":{"line":39,"column":4},"end":{"line":47,"column":7}},"22":{"start":{"line":40,"column":6},"end":{"line":46,"column":11}},"23":{"start":{"line":42,"column":10},"end":{"line":42,"column":44}},"24":{"start":{"line":43,"column":10},"end":{"line":43,"column":36}},"25":{"start":{"line":44,"column":10},"end":{"line":44,"column":42}},"26":{"start":{"line":45,"column":10},"end":{"line":45,"column":17}},"27":{"start":{"line":48,"column":4},"end":{"line":50,"column":7}},"28":{"start":{"line":49,"column":6},"end":{"line":49,"column":36}},"29":{"start":{"line":51,"column":4},"end":{"line":53,"column":7}},"30":{"start":{"line":52,"column":6},"end":{"line":52,"column":75}}},"branchMap":{}},"C:\\Users\\naukk\\Documents\\review-a-record\\server\\server.js":{"path":"C:\\Users\\naukk\\Documents\\review-a-record\\server\\server.js","s":{"1":1,"2":1,"3":1,"4":1,"5":1,"6":1,"7":1,"8":1,"9":1,"10":1,"11":1,"12":1,"13":1,"14":1,"15":0,"16":1,"17":1,"18":1,"19":1,"20":1,"21":1,"22":1,"23":1,"24":1,"25":1,"26":1,"27":1,"28":1,"29":1,"30":1,"31":1,"32":1,"33":1,"34":1,"35":2,"36":2,"37":1,"38":1},"b":{"1":[1,1],"2":[0,1],"3":[2,2]},"f":{"1":2},"fnMap":{"1":{"name":"(anonymous_1)","line":49,"loc":{"start":{"line":49,"column":8},"end":{"line":49,"column":38}}}},"statementMap":{"1":{"start":{"line":1,"column":0},"end":{"line":1,"column":39}},"2":{"start":{"line":2,"column":0},"end":{"line":2,"column":36}},"3":{"start":{"line":3,"column":0},"end":{"line":3,"column":38}},"4":{"start":{"line":4,"column":0},"end":{"line":4,"column":43}},"5":{"start":{"line":5,"column":0},"end":{"line":5,"column":39}},"6":{"start":{"line":6,"column":0},"end":{"line":6,"column":41}},"7":{"start":{"line":7,"column":0},"end":{"line":7,"column":40}},"8":{"start":{"line":9,"column":0},"end":{"line":9,"column":22}},"9":{"start":{"line":10,"column":0},"end":{"line":10,"column":46}},"10":{"start":{"line":11,"column":0},"end":{"line":11,"column":27}},"11":{"start":{"line":12,"column":0},"end":{"line":14,"column":4}},"12":{"start":{"line":17,"column":0},"end":{"line":17,"column":23}},"13":{"start":{"line":19,"column":0},"end":{"line":19,"column":42}},"14":{"start":{"line":21,"column":0},"end":{"line":23,"column":1}},"15":{"start":{"line":22,"column":2},"end":{"line":22,"column":66}},"16":{"start":{"line":25,"column":0},"end":{"line":25,"column":28}},"17":{"start":{"line":27,"column":0},"end":{"line":27,"column":54}},"18":{"start":{"line":28,"column":0},"end":{"line":28,"column":55}},"19":{"start":{"line":29,"column":0},"end":{"line":29,"column":55}},"20":{"start":{"line":31,"column":0},"end":{"line":31,"column":29}},"21":{"start":{"line":32,"column":0},"end":{"line":32,"column":38}},"22":{"start":{"line":33,"column":0},"end":{"line":33,"column":46}},"23":{"start":{"line":34,"column":0},"end":{"line":34,"column":53}},"24":{"start":{"line":35,"column":0},"end":{"line":35,"column":70}},"25":{"start":{"line":36,"column":0},"end":{"line":36,"column":49}},"26":{"start":{"line":38,"column":0},"end":{"line":38,"column":54}},"27":{"start":{"line":39,"column":0},"end":{"line":39,"column":59}},"28":{"start":{"line":40,"column":0},"end":{"line":40,"column":57}},"29":{"start":{"line":41,"column":0},"end":{"line":41,"column":48}},"30":{"start":{"line":42,"column":0},"end":{"line":42,"column":47}},"31":{"start":{"line":43,"column":0},"end":{"line":43,"column":60}},"32":{"start":{"line":45,"column":0},"end":{"line":47,"column":3}},"33":{"start":{"line":46,"column":2},"end":{"line":46,"column":81}},"34":{"start":{"line":49,"column":0},"end":{"line":57,"column":3}},"35":{"start":{"line":50,"column":2},"end":{"line":55,"column":5}},"36":{"start":{"line":56,"column":2},"end":{"line":56,"column":27}},"37":{"start":{"line":59,"column":0},"end":{"line":61,"column":3}},"38":{"start":{"line":60,"column":2},"end":{"line":60,"column":74}}},"branchMap":{"1":{"line":19,"type":"binary-expr","locations":[{"start":{"line":19,"column":16},"end":{"line":19,"column":32}},{"start":{"line":19,"column":36},"end":{"line":19,"column":40}}]},"2":{"line":21,"type":"if","locations":[{"start":{"line":21,"column":0},"end":{"line":21,"column":0}},{"start":{"line":21,"column":0},"end":{"line":21,"column":0}}]},"3":{"line":50,"type":"binary-expr","locations":[{"start":{"line":50,"column":13},"end":{"line":50,"column":23}},{"start":{"line":50,"column":27},"end":{"line":50,"column":30}}]}}},"C:\\Users\\naukk\\Documents\\review-a-record\\server\\spotify.js":{"path":"C:\\Users\\naukk\\Documents\\review-a-record\\server\\spotify.js","s":{"1":1,"2":1,"3":1,"4":1,"5":1,"6":1,"7":1,"8":1,"9":1,"10":0,"11":1,"12":1,"13":1,"14":1,"15":0,"16":0,"17":0,"18":0,"19":0,"20":1},"b":{},"f":{"1":1,"2":1,"3":0,"4":1,"5":0,"6":0,"7":0},"fnMap":{"1":{"name":"accessToken","line":40,"loc":{"start":{"line":40,"column":0},"end":{"line":40,"column":37}}},"2":{"name":"(anonymous_2)","line":51,"loc":{"start":{"line":51,"column":7},"end":{"line":51,"column":27}}},"3":{"name":"(anonymous_3)","line":60,"loc":{"start":{"line":60,"column":8},"end":{"line":60,"column":22}}},"4":{"name":"requestAuthorization","line":81,"loc":{"start":{"line":81,"column":0},"end":{"line":81,"column":46}}},"5":{"name":"authCallback","line":108,"loc":{"start":{"line":108,"column":0},"end":{"line":108,"column":38}}},"6":{"name":"(anonymous_6)","line":122,"loc":{"start":{"line":122,"column":8},"end":{"line":122,"column":27}}},"7":{"name":"(anonymous_7)","line":129,"loc":{"start":{"line":129,"column":9},"end":{"line":129,"column":23}}}},"statementMap":{"1":{"start":{"line":1,"column":0},"end":{"line":1,"column":31}},"2":{"start":{"line":2,"column":0},"end":{"line":2,"column":43}},"3":{"start":{"line":7,"column":0},"end":{"line":7,"column":53}},"4":{"start":{"line":8,"column":0},"end":{"line":8,"column":57}},"5":{"start":{"line":9,"column":0},"end":{"line":9,"column":82}},"6":{"start":{"line":40,"column":0},"end":{"line":63,"column":1}},"7":{"start":{"line":41,"column":1},"end":{"line":41,"column":78}},"8":{"start":{"line":42,"column":1},"end":{"line":62,"column":3}},"9":{"start":{"line":52,"column":2},"end":{"line":58,"column":13}},"10":{"start":{"line":61,"column":2},"end":{"line":61,"column":21}},"11":{"start":{"line":81,"column":0},"end":{"line":91,"column":1}},"12":{"start":{"line":82,"column":1},"end":{"line":82,"column":104}},"13":{"start":{"line":84,"column":1},"end":{"line":90,"column":8}},"14":{"start":{"line":108,"column":0},"end":{"line":132,"column":1}},"15":{"start":{"line":109,"column":1},"end":{"line":109,"column":27}},"16":{"start":{"line":111,"column":1},"end":{"line":115,"column":4}},"17":{"start":{"line":116,"column":1},"end":{"line":131,"column":4}},"18":{"start":{"line":123,"column":3},"end":{"line":127,"column":7}},"19":{"start":{"line":130,"column":3},"end":{"line":130,"column":20}},"20":{"start":{"line":137,"column":0},"end":{"line":141,"column":1}}},"branchMap":{}},"C:\\Users\\naukk\\Documents\\review-a-record\\server\\queries.js":{"path":"C:\\Users\\naukk\\Documents\\review-a-record\\server\\queries.js","s":{"1":1,"2":1,"3":1,"4":1,"5":1,"6":1,"7":1,"8":0,"9":1,"10":2,"11":2,"12":1,"13":1,"14":0,"15":1,"16":3,"17":1,"18":2,"19":2,"20":2,"21":2,"22":0,"23":1,"24":2,"25":2,"26":2,"27":2,"28":2,"29":2,"30":2,"31":0,"32":0,"33":1,"34":2,"35":2,"36":2,"37":2,"38":1,"39":0,"40":1,"41":0,"42":1,"43":1,"44":1,"45":1,"46":0,"47":1,"48":1,"49":1,"50":0,"51":1,"52":2,"53":2,"54":1,"55":1,"56":0,"57":1,"58":1,"59":1,"60":1,"61":0,"62":0,"63":1,"64":1,"65":1,"66":1,"67":1,"68":0,"69":0,"70":1,"71":2,"72":2,"73":1,"74":1,"75":0,"76":1,"77":1,"78":1,"79":0,"80":1,"81":0,"82":0,"83":1,"84":0,"85":0,"86":1,"87":1,"88":1,"89":1,"90":1,"91":0,"92":0,"93":1,"94":0,"95":1,"96":0,"97":1,"98":2,"99":2,"100":0,"101":1,"102":1,"103":1,"104":4,"105":3,"106":1,"107":0,"108":1,"109":1,"110":1,"111":0,"112":1,"113":2,"114":2,"115":2,"116":2,"117":2,"118":2,"119":2,"120":2,"121":2,"122":2,"123":2,"124":0,"125":0,"126":2,"127":0,"128":2,"129":0,"130":1,"131":1,"132":1,"133":0,"134":1},"b":{"1":[1,1],"2":[1,2],"3":[3,2],"4":[2,0],"5":[2,0],"6":[2,0],"7":[2,0],"8":[0,1],"9":[1,1],"10":[1,0],"11":[1,0],"12":[1,1],"13":[1,0],"14":[0,1],"15":[2,0],"16":[2,0],"17":[0,2]},"f":{"1":1,"2":1,"3":2,"4":2,"5":3,"6":2,"7":2,"8":2,"9":2,"10":2,"11":1,"12":1,"13":0,"14":1,"15":1,"16":2,"17":2,"18":1,"19":1,"20":1,"21":1,"22":2,"23":1,"24":0,"25":0,"26":1,"27":2,"28":2,"29":1,"30":1,"31":2,"32":2,"33":1},"fnMap":{"1":{"name":"getUserId","line":22,"loc":{"start":{"line":22,"column":0},"end":{"line":22,"column":35}}},"2":{"name":"(anonymous_2)","line":24,"loc":{"start":{"line":24,"column":10},"end":{"line":24,"column":26}}},"3":{"name":"userNameAvailable","line":49,"loc":{"start":{"line":49,"column":0},"end":{"line":49,"column":43}}},"4":{"name":"(anonymous_4)","line":51,"loc":{"start":{"line":51,"column":10},"end":{"line":51,"column":26}}},"5":{"name":"createUser","line":84,"loc":{"start":{"line":84,"column":0},"end":{"line":84,"column":36}}},"6":{"name":"(anonymous_6)","line":94,"loc":{"start":{"line":94,"column":10},"end":{"line":94,"column":22}}},"7":{"name":"login","line":132,"loc":{"start":{"line":132,"column":0},"end":{"line":132,"column":31}}},"8":{"name":"(anonymous_8)","line":135,"loc":{"start":{"line":135,"column":10},"end":{"line":135,"column":26}}},"9":{"name":"testToken","line":160,"loc":{"start":{"line":160,"column":0},"end":{"line":160,"column":29}}},"10":{"name":"(anonymous_10)","line":164,"loc":{"start":{"line":164,"column":46},"end":{"line":164,"column":70}}},"11":{"name":"saveReview","line":215,"loc":{"start":{"line":215,"column":0},"end":{"line":215,"column":36}}},"12":{"name":"(anonymous_12)","line":223,"loc":{"start":{"line":223,"column":10},"end":{"line":223,"column":26}}},"13":{"name":"(anonymous_13)","line":233,"loc":{"start":{"line":233,"column":11},"end":{"line":233,"column":26}}},"14":{"name":"getAllReviews","line":238,"loc":{"start":{"line":238,"column":0},"end":{"line":238,"column":39}}},"15":{"name":"(anonymous_15)","line":241,"loc":{"start":{"line":241,"column":10},"end":{"line":241,"column":26}}},"16":{"name":"getArtistReviews","line":305,"loc":{"start":{"line":305,"column":0},"end":{"line":305,"column":42}}},"17":{"name":"(anonymous_17)","line":307,"loc":{"start":{"line":307,"column":10},"end":{"line":307,"column":26}}},"18":{"name":"getAlbumReviews","line":380,"loc":{"start":{"line":380,"column":0},"end":{"line":380,"column":41}}},"19":{"name":"(anonymous_19)","line":385,"loc":{"start":{"line":385,"column":10},"end":{"line":385,"column":26}}},"20":{"name":"getUserReviews","line":459,"loc":{"start":{"line":459,"column":0},"end":{"line":459,"column":40}}},"21":{"name":"(anonymous_21)","line":462,"loc":{"start":{"line":462,"column":10},"end":{"line":462,"column":26}}},"22":{"name":"getLatestReviews","line":542,"loc":{"start":{"line":542,"column":0},"end":{"line":542,"column":42}}},"23":{"name":"adminStatus","line":598,"loc":{"start":{"line":598,"column":0},"end":{"line":598,"column":37}}},"24":{"name":"adminTrue","line":612,"loc":{"start":{"line":612,"column":0},"end":{"line":612,"column":35}}},"25":{"name":"adminFalse","line":625,"loc":{"start":{"line":625,"column":0},"end":{"line":625,"column":36}}},"26":{"name":"deleteReview","line":669,"loc":{"start":{"line":669,"column":0},"end":{"line":669,"column":38}}},"27":{"name":"rateAlbum","line":735,"loc":{"start":{"line":735,"column":0},"end":{"line":735,"column":35}}},"28":{"name":"(anonymous_28)","line":739,"loc":{"start":{"line":739,"column":10},"end":{"line":739,"column":22}}},"29":{"name":"albumRating","line":782,"loc":{"start":{"line":782,"column":0},"end":{"line":782,"column":37}}},"30":{"name":"editReview","line":831,"loc":{"start":{"line":831,"column":0},"end":{"line":831,"column":36}}},"31":{"name":"deleteUser","line":876,"loc":{"start":{"line":876,"column":0},"end":{"line":876,"column":36}}},"32":{"name":"(anonymous_32)","line":880,"loc":{"start":{"line":880,"column":10},"end":{"line":880,"column":26}}},"33":{"name":"getAllUsers","line":951,"loc":{"start":{"line":951,"column":0},"end":{"line":951,"column":37}}}},"statementMap":{"1":{"start":{"line":1,"column":0},"end":{"line":1,"column":27}},"2":{"start":{"line":2,"column":0},"end":{"line":2,"column":35}},"3":{"start":{"line":3,"column":0},"end":{"line":3,"column":35}},"4":{"start":{"line":4,"column":0},"end":{"line":4,"column":36}},"5":{"start":{"line":22,"column":0},"end":{"line":31,"column":1}},"6":{"start":{"line":23,"column":2},"end":{"line":30,"column":29}},"7":{"start":{"line":25,"column":6},"end":{"line":28,"column":10}},"8":{"start":{"line":30,"column":18},"end":{"line":30,"column":27}},"9":{"start":{"line":49,"column":0},"end":{"line":59,"column":1}},"10":{"start":{"line":50,"column":2},"end":{"line":58,"column":29}},"11":{"start":{"line":52,"column":6},"end":{"line":56,"column":7}},"12":{"start":{"line":53,"column":8},"end":{"line":53,"column":35}},"13":{"start":{"line":55,"column":8},"end":{"line":55,"column":36}},"14":{"start":{"line":58,"column":18},"end":{"line":58,"column":27}},"15":{"start":{"line":84,"column":0},"end":{"line":104,"column":1}},"16":{"start":{"line":85,"column":2},"end":{"line":87,"column":3}},"17":{"start":{"line":86,"column":4},"end":{"line":86,"column":45}},"18":{"start":{"line":89,"column":2},"end":{"line":89,"column":55}},"19":{"start":{"line":90,"column":2},"end":{"line":90,"column":40}},"20":{"start":{"line":91,"column":2},"end":{"line":103,"column":29}},"21":{"start":{"line":95,"column":6},"end":{"line":101,"column":11}},"22":{"start":{"line":103,"column":18},"end":{"line":103,"column":27}},"23":{"start":{"line":132,"column":0},"end":{"line":158,"column":1}},"24":{"start":{"line":133,"column":2},"end":{"line":133,"column":39}},"25":{"start":{"line":134,"column":2},"end":{"line":157,"column":29}},"26":{"start":{"line":136,"column":6},"end":{"line":136,"column":69}},"27":{"start":{"line":137,"column":6},"end":{"line":139,"column":8}},"28":{"start":{"line":140,"column":6},"end":{"line":155,"column":7}},"29":{"start":{"line":141,"column":8},"end":{"line":141,"column":29}},"30":{"start":{"line":142,"column":8},"end":{"line":149,"column":12}},"31":{"start":{"line":151,"column":8},"end":{"line":154,"column":12}},"32":{"start":{"line":157,"column":18},"end":{"line":157,"column":27}},"33":{"start":{"line":160,"column":0},"end":{"line":188,"column":1}},"34":{"start":{"line":161,"column":2},"end":{"line":161,"column":53}},"35":{"start":{"line":163,"column":2},"end":{"line":187,"column":3}},"36":{"start":{"line":164,"column":4},"end":{"line":180,"column":6}},"37":{"start":{"line":165,"column":6},"end":{"line":165,"column":35}},"38":{"start":{"line":166,"column":6},"end":{"line":179,"column":7}},"39":{"start":{"line":167,"column":8},"end":{"line":171,"column":12}},"40":{"start":{"line":173,"column":8},"end":{"line":177,"column":12}},"41":{"start":{"line":182,"column":4},"end":{"line":186,"column":8}},"42":{"start":{"line":215,"column":0},"end":{"line":236,"column":1}},"43":{"start":{"line":216,"column":2},"end":{"line":216,"column":22}},"44":{"start":{"line":217,"column":2},"end":{"line":235,"column":7}},"45":{"start":{"line":224,"column":6},"end":{"line":231,"column":11}},"46":{"start":{"line":234,"column":6},"end":{"line":234,"column":23}},"47":{"start":{"line":238,"column":0},"end":{"line":251,"column":1}},"48":{"start":{"line":239,"column":2},"end":{"line":250,"column":29}},"49":{"start":{"line":242,"column":6},"end":{"line":248,"column":11}},"50":{"start":{"line":250,"column":18},"end":{"line":250,"column":27}},"51":{"start":{"line":305,"column":0},"end":{"line":327,"column":1}},"52":{"start":{"line":306,"column":2},"end":{"line":326,"column":29}},"53":{"start":{"line":308,"column":6},"end":{"line":323,"column":7}},"54":{"start":{"line":309,"column":8},"end":{"line":315,"column":13}},"55":{"start":{"line":317,"column":8},"end":{"line":322,"column":13}},"56":{"start":{"line":326,"column":18},"end":{"line":326,"column":27}},"57":{"start":{"line":380,"column":0},"end":{"line":405,"column":1}},"58":{"start":{"line":381,"column":2},"end":{"line":404,"column":29}},"59":{"start":{"line":387,"column":6},"end":{"line":402,"column":7}},"60":{"start":{"line":388,"column":8},"end":{"line":394,"column":13}},"61":{"start":{"line":396,"column":8},"end":{"line":401,"column":13}},"62":{"start":{"line":404,"column":18},"end":{"line":404,"column":27}},"63":{"start":{"line":459,"column":0},"end":{"line":481,"column":1}},"64":{"start":{"line":460,"column":2},"end":{"line":460,"column":43}},"65":{"start":{"line":461,"column":2},"end":{"line":480,"column":29}},"66":{"start":{"line":463,"column":6},"end":{"line":478,"column":7}},"67":{"start":{"line":464,"column":8},"end":{"line":470,"column":13}},"68":{"start":{"line":472,"column":8},"end":{"line":477,"column":13}},"69":{"start":{"line":480,"column":18},"end":{"line":480,"column":27}},"70":{"start":{"line":542,"column":0},"end":{"line":566,"column":1}},"71":{"start":{"line":543,"column":2},"end":{"line":565,"column":29}},"72":{"start":{"line":548,"column":6},"end":{"line":563,"column":7}},"73":{"start":{"line":549,"column":8},"end":{"line":555,"column":13}},"74":{"start":{"line":557,"column":8},"end":{"line":562,"column":13}},"75":{"start":{"line":565,"column":18},"end":{"line":565,"column":27}},"76":{"start":{"line":598,"column":0},"end":{"line":610,"column":1}},"77":{"start":{"line":599,"column":2},"end":{"line":609,"column":29}},"78":{"start":{"line":601,"column":6},"end":{"line":607,"column":11}},"79":{"start":{"line":609,"column":18},"end":{"line":609,"column":27}},"80":{"start":{"line":612,"column":0},"end":{"line":623,"column":1}},"81":{"start":{"line":613,"column":2},"end":{"line":622,"column":6}},"82":{"start":{"line":615,"column":6},"end":{"line":621,"column":10}},"83":{"start":{"line":625,"column":0},"end":{"line":636,"column":1}},"84":{"start":{"line":626,"column":2},"end":{"line":635,"column":6}},"85":{"start":{"line":628,"column":6},"end":{"line":634,"column":10}},"86":{"start":{"line":669,"column":0},"end":{"line":699,"column":1}},"87":{"start":{"line":670,"column":2},"end":{"line":698,"column":29}},"88":{"start":{"line":671,"column":4},"end":{"line":678,"column":25}},"89":{"start":{"line":673,"column":8},"end":{"line":675,"column":9}},"90":{"start":{"line":674,"column":10},"end":{"line":674,"column":120}},"91":{"start":{"line":676,"column":8},"end":{"line":676,"column":30}},"92":{"start":{"line":678,"column":20},"end":{"line":678,"column":23}},"93":{"start":{"line":681,"column":6},"end":{"line":696,"column":7}},"94":{"start":{"line":682,"column":8},"end":{"line":687,"column":12}},"95":{"start":{"line":690,"column":8},"end":{"line":695,"column":12}},"96":{"start":{"line":698,"column":18},"end":{"line":698,"column":27}},"97":{"start":{"line":735,"column":0},"end":{"line":750,"column":1}},"98":{"start":{"line":736,"column":2},"end":{"line":749,"column":29}},"99":{"start":{"line":740,"column":6},"end":{"line":747,"column":11}},"100":{"start":{"line":749,"column":18},"end":{"line":749,"column":27}},"101":{"start":{"line":782,"column":0},"end":{"line":796,"column":1}},"102":{"start":{"line":783,"column":2},"end":{"line":795,"column":23}},"103":{"start":{"line":785,"column":6},"end":{"line":785,"column":108}},"104":{"start":{"line":785,"column":39},"end":{"line":785,"column":50}},"105":{"start":{"line":785,"column":78},"end":{"line":785,"column":92}},"106":{"start":{"line":786,"column":6},"end":{"line":793,"column":10}},"107":{"start":{"line":795,"column":18},"end":{"line":795,"column":21}},"108":{"start":{"line":831,"column":0},"end":{"line":843,"column":1}},"109":{"start":{"line":832,"column":2},"end":{"line":842,"column":23}},"110":{"start":{"line":835,"column":6},"end":{"line":840,"column":10}},"111":{"start":{"line":842,"column":18},"end":{"line":842,"column":21}},"112":{"start":{"line":876,"column":0},"end":{"line":915,"column":1}},"113":{"start":{"line":877,"column":2},"end":{"line":877,"column":39}},"114":{"start":{"line":878,"column":2},"end":{"line":878,"column":13}},"115":{"start":{"line":879,"column":2},"end":{"line":914,"column":7}},"116":{"start":{"line":881,"column":6},"end":{"line":881,"column":69}},"117":{"start":{"line":882,"column":6},"end":{"line":913,"column":7}},"118":{"start":{"line":883,"column":8},"end":{"line":883,"column":29}},"119":{"start":{"line":884,"column":8},"end":{"line":884,"column":29}},"120":{"start":{"line":885,"column":8},"end":{"line":912,"column":37}},"121":{"start":{"line":886,"column":10},"end":{"line":893,"column":31}},"122":{"start":{"line":888,"column":14},"end":{"line":890,"column":15}},"123":{"start":{"line":889,"column":16},"end":{"line":889,"column":92}},"124":{"start":{"line":891,"column":14},"end":{"line":891,"column":36}},"125":{"start":{"line":893,"column":26},"end":{"line":893,"column":29}},"126":{"start":{"line":896,"column":12},"end":{"line":910,"column":15}},"127":{"start":{"line":897,"column":14},"end":{"line":902,"column":18}},"128":{"start":{"line":904,"column":16},"end":{"line":909,"column":20}},"129":{"start":{"line":912,"column":26},"end":{"line":912,"column":35}},"130":{"start":{"line":951,"column":0},"end":{"line":963,"column":1}},"131":{"start":{"line":952,"column":2},"end":{"line":962,"column":29}},"132":{"start":{"line":954,"column":6},"end":{"line":960,"column":8}},"133":{"start":{"line":962,"column":18},"end":{"line":962,"column":27}},"134":{"start":{"line":965,"column":0},"end":{"line":986,"column":1}}},"branchMap":{"1":{"line":52,"type":"if","locations":[{"start":{"line":52,"column":6},"end":{"line":52,"column":6}},{"start":{"line":52,"column":6},"end":{"line":52,"column":6}}]},"2":{"line":85,"type":"if","locations":[{"start":{"line":85,"column":2},"end":{"line":85,"column":2}},{"start":{"line":85,"column":2},"end":{"line":85,"column":2}}]},"3":{"line":85,"type":"binary-expr","locations":[{"start":{"line":85,"column":6},"end":{"line":85,"column":24}},{"start":{"line":85,"column":28},"end":{"line":85,"column":46}}]},"4":{"line":90,"type":"binary-expr","locations":[{"start":{"line":90,"column":16},"end":{"line":90,"column":30}},{"start":{"line":90,"column":34},"end":{"line":90,"column":39}}]},"5":{"line":140,"type":"if","locations":[{"start":{"line":140,"column":6},"end":{"line":140,"column":6}},{"start":{"line":140,"column":6},"end":{"line":140,"column":6}}]},"6":{"line":161,"type":"binary-expr","locations":[{"start":{"line":161,"column":14},"end":{"line":161,"column":28}},{"start":{"line":161,"column":32},"end":{"line":161,"column":52}}]},"7":{"line":163,"type":"if","locations":[{"start":{"line":163,"column":2},"end":{"line":163,"column":2}},{"start":{"line":163,"column":2},"end":{"line":163,"column":2}}]},"8":{"line":166,"type":"if","locations":[{"start":{"line":166,"column":6},"end":{"line":166,"column":6}},{"start":{"line":166,"column":6},"end":{"line":166,"column":6}}]},"9":{"line":308,"type":"if","locations":[{"start":{"line":308,"column":6},"end":{"line":308,"column":6}},{"start":{"line":308,"column":6},"end":{"line":308,"column":6}}]},"10":{"line":387,"type":"if","locations":[{"start":{"line":387,"column":6},"end":{"line":387,"column":6}},{"start":{"line":387,"column":6},"end":{"line":387,"column":6}}]},"11":{"line":463,"type":"if","locations":[{"start":{"line":463,"column":6},"end":{"line":463,"column":6}},{"start":{"line":463,"column":6},"end":{"line":463,"column":6}}]},"12":{"line":548,"type":"if","locations":[{"start":{"line":548,"column":6},"end":{"line":548,"column":6}},{"start":{"line":548,"column":6},"end":{"line":548,"column":6}}]},"13":{"line":673,"type":"if","locations":[{"start":{"line":673,"column":8},"end":{"line":673,"column":8}},{"start":{"line":673,"column":8},"end":{"line":673,"column":8}}]},"14":{"line":681,"type":"if","locations":[{"start":{"line":681,"column":6},"end":{"line":681,"column":6}},{"start":{"line":681,"column":6},"end":{"line":681,"column":6}}]},"15":{"line":882,"type":"if","locations":[{"start":{"line":882,"column":6},"end":{"line":882,"column":6}},{"start":{"line":882,"column":6},"end":{"line":882,"column":6}}]},"16":{"line":888,"type":"if","locations":[{"start":{"line":888,"column":14},"end":{"line":888,"column":14}},{"start":{"line":888,"column":14},"end":{"line":888,"column":14}}]},"17":{"line":896,"type":"if","locations":[{"start":{"line":896,"column":12},"end":{"line":896,"column":12}},{"start":{"line":896,"column":12},"end":{"line":896,"column":12}}]}}},"C:\\Users\\naukk\\Documents\\review-a-record\\server\\db.js":{"path":"C:\\Users\\naukk\\Documents\\review-a-record\\server\\db.js","s":{"1":1,"2":1,"3":1,"4":1,"5":1,"6":1,"7":1,"8":1},"b":{},"f":{},"fnMap":{},"statementMap":{"1":{"start":{"line":1,"column":0},"end":{"line":1,"column":34}},"2":{"start":{"line":2,"column":0},"end":{"line":2,"column":38}},"3":{"start":{"line":4,"column":0},"end":{"line":6,"column":2}},"4":{"start":{"line":8,"column":0},"end":{"line":8,"column":44}},"5":{"start":{"line":10,"column":0},"end":{"line":10,"column":41}},"6":{"start":{"line":11,"column":0},"end":{"line":11,"column":83}},"7":{"start":{"line":12,"column":0},"end":{"line":12,"column":31}},"8":{"start":{"line":14,"column":0},"end":{"line":14,"column":20}}},"branchMap":{}},"C:\\Users\\naukk\\Documents\\review-a-record\\server\\router.js":{"path":"C:\\Users\\naukk\\Documents\\review-a-record\\server\\router.js","s":{"1":1,"2":1,"3":1,"4":1,"5":1,"6":1,"7":8,"8":8,"9":8,"10":8,"11":0,"12":8,"13":0,"14":1,"15":1,"16":1,"17":1,"18":1,"19":1,"20":1,"21":1,"22":1},"b":{"1":[8,1],"2":[8,0],"3":[0,8]},"f":{"1":8,"2":8},"fnMap":{"1":{"name":"(anonymous_1)","line":8,"loc":{"start":{"line":8,"column":11},"end":{"line":8,"column":36}}},"2":{"name":"(anonymous_2)","line":11,"loc":{"start":{"line":11,"column":46},"end":{"line":11,"column":69}}}},"statementMap":{"1":{"start":{"line":1,"column":0},"end":{"line":1,"column":33}},"2":{"start":{"line":2,"column":0},"end":{"line":2,"column":30}},"3":{"start":{"line":3,"column":0},"end":{"line":3,"column":40}},"4":{"start":{"line":4,"column":0},"end":{"line":4,"column":34}},"5":{"start":{"line":6,"column":0},"end":{"line":6,"column":30}},"6":{"start":{"line":8,"column":0},"end":{"line":21,"column":2}},"7":{"start":{"line":9,"column":2},"end":{"line":9,"column":53}},"8":{"start":{"line":10,"column":2},"end":{"line":20,"column":3}},"9":{"start":{"line":11,"column":4},"end":{"line":17,"column":6}},"10":{"start":{"line":12,"column":6},"end":{"line":16,"column":7}},"11":{"start":{"line":13,"column":8},"end":{"line":13,"column":46}},"12":{"start":{"line":15,"column":8},"end":{"line":15,"column":15}},"13":{"start":{"line":19,"column":4},"end":{"line":19,"column":46}},"14":{"start":{"line":23,"column":0},"end":{"line":23,"column":47}},"15":{"start":{"line":24,"column":0},"end":{"line":24,"column":49}},"16":{"start":{"line":25,"column":0},"end":{"line":25,"column":41}},"17":{"start":{"line":26,"column":0},"end":{"line":26,"column":49}},"18":{"start":{"line":27,"column":0},"end":{"line":27,"column":51}},"19":{"start":{"line":28,"column":0},"end":{"line":28,"column":51}},"20":{"start":{"line":29,"column":0},"end":{"line":29,"column":55}},"21":{"start":{"line":30,"column":0},"end":{"line":30,"column":49}},"22":{"start":{"line":33,"column":0},"end":{"line":33,"column":24}}},"branchMap":{"1":{"line":9,"type":"binary-expr","locations":[{"start":{"line":9,"column":14},"end":{"line":9,"column":28}},{"start":{"line":9,"column":32},"end":{"line":9,"column":52}}]},"2":{"line":10,"type":"if","locations":[{"start":{"line":10,"column":2},"end":{"line":10,"column":2}},{"start":{"line":10,"column":2},"end":{"line":10,"column":2}}]},"3":{"line":12,"type":"if","locations":[{"start":{"line":12,"column":6},"end":{"line":12,"column":6}},{"start":{"line":12,"column":6},"end":{"line":12,"column":6}}]}}}}