TN:
SF:C:\Users\naukk\Documents\review-a-record\spec\dbspec.js
FN:1,(anonymous_1)
FNF:1
FNH:1
FNDA:1,(anonymous_1)
DA:1,1
DA:2,1
DA:3,1
DA:4,1
DA:7,1
DA:9,1
DA:10,1
DA:11,1
DA:13,1
DA:15,1
DA:16,1
DA:17,1
DA:18,1
DA:23,1
DA:24,1
DA:25,1
DA:28,1
DA:29,1
DA:31,1
DA:32,1
DA:36,1
DA:37,1
DA:38,1
DA:39,1
DA:44,1
DA:45,1
DA:46,1
DA:49,1
DA:50,1
DA:52,1
DA:53,1
DA:57,1
DA:58,1
DA:59,1
DA:60,1
DA:65,1
DA:66,1
DA:67,1
DA:68,1
DA:71,1
DA:72,1
DA:74,1
DA:75,1
DA:78,1
DA:79,1
DA:82,1
DA:83,1
DA:84,1
DA:88,1
DA:89,1
DA:90,1
DA:91,1
DA:96,1
DA:97,1
DA:98,1
DA:101,1
DA:102,1
DA:105,1
DA:106,1
DA:109,1
DA:110,1
DA:114,1
DA:115,1
DA:116,1
DA:117,1
DA:122,1
DA:123,1
DA:124,1
DA:127,1
DA:128,1
DA:132,1
DA:133,1
DA:134,1
DA:135,1
DA:137,1
DA:138,1
DA:139,1
DA:143,1
DA:144,1
DA:147,1
DA:148,1
DA:152,1
DA:153,1
DA:154,1
DA:155,1
DA:157,1
DA:158,1
DA:159,1
DA:163,1
DA:164,1
DA:166,1
DA:167,1
DA:171,1
DA:172,1
DA:173,1
DA:174,1
DA:176,1
DA:177,1
DA:178,1
DA:182,1
DA:183,1
DA:185,1
DA:186,1
DA:190,1
DA:191,1
DA:192,1
DA:193,1
DA:205,1
DA:206,1
DA:207,1
DA:208,1
DA:212,1
DA:213,1
DA:216,1
DA:217,1
DA:221,1
DA:222,1
DA:223,1
DA:224,1
DA:226,1
DA:227,1
DA:228,1
DA:231,1
DA:233,1
DA:235,1
DA:236,1
DA:238,1
DA:239,1
DA:243,1
DA:244,1
DA:245,1
DA:246,1
DA:248,1
DA:249,1
DA:250,1
DA:253,1
DA:255,1
DA:257,1
DA:258,1
DA:260,1
DA:261,1
DA:265,1
DA:266,1
DA:267,1
DA:268,1
DA:270,1
DA:271,1
DA:272,1
DA:275,1
DA:276,1
DA:278,1
DA:279,1
DA:281,1
DA:282,1
DA:286,1
DA:287,1
DA:288,1
DA:289,1
DA:291,1
DA:292,1
DA:293,1
DA:296,1
DA:297,1
DA:299,1
DA:300,1
DA:302,1
DA:303,1
DA:307,1
DA:308,1
DA:309,1
DA:310,1
DA:312,1
DA:313,1
DA:314,1
DA:317,1
DA:318,1
DA:320,1
DA:321,1
DA:323,1
DA:324,1
DA:328,1
DA:329,1
DA:330,1
DA:331,1
DA:336,1
DA:337,1
DA:338,1
DA:341,1
DA:342,1
DA:344,1
DA:345,1
DA:349,1
DA:350,1
DA:351,1
DA:352,1
DA:354,1
DA:355,1
DA:356,1
DA:359,1
DA:360,1
DA:362,1
DA:363,1
DA:368,1
DA:369,1
DA:370,1
DA:371,1
DA:373,1
DA:374,1
DA:375,1
DA:378,1
DA:379,1
DA:381,1
DA:382,1
DA:386,1
DA:387,1
DA:388,1
DA:389,1
DA:391,1
DA:392,1
DA:393,1
DA:394,1
DA:395,1
DA:398,1
DA:399,1
DA:402,1
DA:403,1
DA:408,1
DA:409,1
DA:410,1
DA:411,1
DA:416,1
DA:417,1
DA:418,1
DA:421,1
DA:422,1
DA:424,1
DA:425,1
DA:429,1
DA:430,1
DA:431,1
DA:432,1
DA:434,1
DA:435,1
DA:436,1
DA:437,1
DA:440,1
DA:441,1
DA:443,1
DA:444,1
LF:249
LH:249
BRF:0
BRH:0
end_of_record
TN:
SF:C:\Users\naukk\Documents\review-a-record\spec\spotifyspec.js
FN:1,(anonymous_1)
FNF:1
FNH:1
FNDA:1,(anonymous_1)
DA:1,1
DA:2,1
DA:3,1
DA:5,1
DA:6,1
DA:9,1
DA:10,1
DA:11,1
DA:12,1
DA:14,1
DA:15,1
DA:16,1
DA:19,1
DA:20,1
DA:22,1
DA:23,1
DA:25,1
DA:26,1
DA:30,1
DA:31,1
DA:32,1
DA:33,1
DA:35,1
DA:36,1
DA:37,1
DA:38,1
DA:41,1
DA:42,1
DA:44,1
DA:45,1
LF:30
LH:30
BRF:0
BRH:0
end_of_record
TN:
SF:C:\Users\naukk\Documents\review-a-record\server\server.js
FN:47,(anonymous_1)
FNF:1
FNH:1
FNDA:2,(anonymous_1)
DA:1,1
DA:2,1
DA:3,1
DA:4,1
DA:5,1
DA:6,1
DA:7,1
DA:9,1
DA:10,1
DA:11,1
DA:15,1
DA:16,1
DA:18,1
DA:20,1
DA:21,0
DA:24,1
DA:26,1
DA:27,1
DA:28,1
DA:30,1
DA:31,1
DA:32,1
DA:33,1
DA:34,1
DA:35,1
DA:37,1
DA:38,1
DA:39,1
DA:40,1
DA:41,1
DA:43,1
DA:44,1
DA:47,1
DA:48,2
DA:54,2
DA:57,1
DA:58,1
LF:37
LH:36
BRDA:18,1,0,1
BRDA:18,1,1,1
BRDA:20,2,0,0
BRDA:20,2,1,1
BRDA:48,3,0,2
BRDA:48,3,1,2
BRF:6
BRH:5
end_of_record
TN:
SF:C:\Users\naukk\Documents\review-a-record\server\spotify.js
FN:40,accessToken
FN:51,(anonymous_2)
FN:60,(anonymous_3)
FN:81,requestAuthorization
FN:108,authCallback
FN:122,(anonymous_6)
FN:129,(anonymous_7)
FNF:7
FNH:3
FNDA:1,accessToken
FNDA:1,(anonymous_2)
FNDA:0,(anonymous_3)
FNDA:1,requestAuthorization
FNDA:0,authCallback
FNDA:0,(anonymous_6)
FNDA:0,(anonymous_7)
DA:1,1
DA:2,1
DA:7,1
DA:8,1
DA:9,1
DA:40,1
DA:41,1
DA:42,1
DA:52,1
DA:61,0
DA:81,1
DA:82,1
DA:84,1
DA:108,1
DA:109,0
DA:111,0
DA:116,0
DA:123,0
DA:130,0
DA:137,1
LF:20
LH:14
BRF:0
BRH:0
end_of_record
TN:
SF:C:\Users\naukk\Documents\review-a-record\server\queries.js
FN:22,getUserId
FN:24,(anonymous_2)
FN:49,userNameAvailable
FN:51,(anonymous_4)
FN:84,createUser
FN:94,(anonymous_6)
FN:132,login
FN:135,(anonymous_8)
FN:160,testToken
FN:164,(anonymous_10)
FN:190,deleteUser
FN:193,(anonymous_12)
FN:241,saveReview
FN:249,(anonymous_14)
FN:259,(anonymous_15)
FN:264,getAllReviews
FN:267,(anonymous_17)
FN:331,getArtistReviews
FN:333,(anonymous_19)
FN:406,getAlbumReviews
FN:411,(anonymous_21)
FN:485,getUserReviews
FN:488,(anonymous_23)
FN:568,getLatestReviews
FN:624,adminStatus
FN:669,deleteReview
FN:701,deleteByUserId
FNF:27
FNH:26
FNDA:1,getUserId
FNDA:1,(anonymous_2)
FNDA:2,userNameAvailable
FNDA:2,(anonymous_4)
FNDA:2,createUser
FNDA:1,(anonymous_6)
FNDA:1,login
FNDA:1,(anonymous_8)
FNDA:2,testToken
FNDA:2,(anonymous_10)
FNDA:1,deleteUser
FNDA:1,(anonymous_12)
FNDA:1,saveReview
FNDA:1,(anonymous_14)
FNDA:0,(anonymous_15)
FNDA:1,getAllReviews
FNDA:1,(anonymous_17)
FNDA:2,getArtistReviews
FNDA:2,(anonymous_19)
FNDA:1,getAlbumReviews
FNDA:1,(anonymous_21)
FNDA:1,getUserReviews
FNDA:1,(anonymous_23)
FNDA:2,getLatestReviews
FNDA:1,adminStatus
FNDA:1,deleteReview
FNDA:1,deleteByUserId
DA:1,1
DA:2,1
DA:3,1
DA:4,1
DA:22,1
DA:23,1
DA:25,1
DA:30,0
DA:49,1
DA:50,2
DA:52,2
DA:53,1
DA:55,1
DA:58,0
DA:84,1
DA:85,2
DA:86,1
DA:89,1
DA:90,1
DA:91,1
DA:95,1
DA:103,0
DA:132,1
DA:133,1
DA:134,1
DA:136,1
DA:137,1
DA:140,1
DA:141,1
DA:142,1
DA:151,0
DA:157,0
DA:160,1
DA:161,2
DA:163,2
DA:164,2
DA:165,2
DA:166,1
DA:167,0
DA:173,1
DA:182,0
DA:190,1
DA:191,1
DA:192,1
DA:194,1
DA:196,1
DA:197,1
DA:198,1
DA:199,1
DA:207,0
DA:213,0
DA:241,1
DA:242,1
DA:243,1
DA:250,1
DA:260,0
DA:264,1
DA:265,1
DA:268,1
DA:276,0
DA:331,1
DA:332,2
DA:334,2
DA:335,1
DA:343,1
DA:352,0
DA:406,1
DA:407,1
DA:413,1
DA:414,1
DA:422,0
DA:430,0
DA:485,1
DA:486,1
DA:487,1
DA:489,1
DA:490,1
DA:498,0
DA:506,0
DA:568,1
DA:569,2
DA:574,2
DA:575,1
DA:583,1
DA:591,0
DA:624,1
DA:625,1
DA:627,1
DA:635,0
DA:669,1
DA:670,1
DA:671,1
DA:673,1
DA:674,1
DA:676,0
DA:678,0
DA:681,1
DA:682,0
DA:690,1
DA:698,0
DA:701,1
DA:702,1
DA:704,1
DA:706,0
DA:709,1
LF:105
LH:82
BRDA:52,1,0,1
BRDA:52,1,1,1
BRDA:85,2,0,1
BRDA:85,2,1,1
BRDA:85,3,0,2
BRDA:85,3,1,1
BRDA:90,4,0,1
BRDA:90,4,1,0
BRDA:140,5,0,1
BRDA:140,5,1,0
BRDA:161,6,0,2
BRDA:161,6,1,0
BRDA:163,7,0,2
BRDA:163,7,1,0
BRDA:166,8,0,0
BRDA:166,8,1,1
BRDA:196,9,0,1
BRDA:196,9,1,0
BRDA:334,10,0,1
BRDA:334,10,1,1
BRDA:413,11,0,1
BRDA:413,11,1,0
BRDA:489,12,0,1
BRDA:489,12,1,0
BRDA:574,13,0,1
BRDA:574,13,1,1
BRDA:673,14,0,1
BRDA:673,14,1,0
BRDA:681,15,0,0
BRDA:681,15,1,1
BRF:30
BRH:20
end_of_record
TN:
SF:C:\Users\naukk\Documents\review-a-record\server\db.js
FNF:0
FNH:0
DA:1,1
DA:3,1
DA:7,1
DA:8,1
DA:9,1
DA:11,1
LF:6
LH:6
BRF:0
BRH:0
end_of_record
TN:
SF:C:\Users\naukk\Documents\review-a-record\server\router.js
FN:11,(anonymous_1)
FN:15,(anonymous_2)
FNF:2
FNH:2
FNDA:3,(anonymous_1)
FNDA:3,(anonymous_2)
DA:1,1
DA:2,1
DA:3,1
DA:4,1
DA:6,1
DA:8,1
DA:9,1
DA:11,1
DA:12,3
DA:14,3
DA:15,3
DA:16,3
DA:17,0
DA:19,3
DA:23,0
DA:28,1
DA:29,1
DA:30,1
DA:33,1
LF:19
LH:17
BRDA:12,1,0,3
BRDA:12,1,1,0
BRDA:14,2,0,3
BRDA:14,2,1,0
BRDA:16,3,0,0
BRDA:16,3,1,3
BRF:6
BRH:3
end_of_record
