TN:
SF:C:\Users\naukk\Documents\review-a-record\spec\dbspec.js
FN:5,(anonymous_1)
FNF:1
FNH:1
FNDA:1,(anonymous_1)
DA:5,1
DA:7,1
DA:8,1
DA:9,1
DA:13,1
DA:16,1
DA:17,1
DA:20,1
DA:21,1
DA:24,1
DA:27,1
DA:29,1
DA:30,1
DA:31,1
DA:32,1
DA:37,1
DA:38,1
DA:39,1
DA:42,1
DA:43,1
DA:45,1
DA:46,1
DA:50,1
DA:51,1
DA:52,1
DA:53,1
DA:58,1
DA:59,1
DA:60,1
DA:63,1
DA:64,1
DA:66,1
DA:67,1
DA:72,1
DA:73,1
DA:74,1
DA:75,1
DA:80,1
DA:81,1
DA:82,1
DA:85,1
DA:86,1
DA:88,1
DA:89,1
DA:93,1
DA:94,1
DA:95,1
DA:96,1
DA:101,1
DA:102,1
DA:103,1
DA:104,1
DA:107,1
DA:108,1
DA:110,1
DA:111,1
DA:114,1
DA:115,1
DA:118,1
DA:119,1
DA:120,1
DA:124,1
DA:125,1
DA:126,1
DA:127,1
DA:132,1
DA:133,1
DA:134,1
DA:135,1
DA:138,1
DA:139,1
DA:141,1
DA:142,1
DA:145,1
DA:146,1
DA:149,1
DA:150,1
DA:151,1
DA:155,1
DA:156,1
DA:157,1
DA:158,1
DA:163,1
DA:164,1
DA:165,1
DA:168,1
DA:169,1
DA:172,1
DA:173,1
DA:176,1
DA:177,1
DA:181,1
DA:182,1
DA:183,1
DA:184,1
DA:189,1
DA:190,1
DA:191,1
DA:194,1
DA:195,1
DA:199,1
DA:200,1
DA:201,1
DA:202,1
DA:204,1
DA:205,1
DA:206,1
DA:210,1
DA:211,1
DA:214,1
DA:215,1
DA:219,1
DA:220,1
DA:221,1
DA:222,1
DA:224,1
DA:225,1
DA:226,1
DA:230,1
DA:231,1
DA:233,1
DA:234,1
DA:238,1
DA:239,1
DA:240,1
DA:241,1
DA:243,1
DA:244,1
DA:245,1
DA:246,1
DA:250,1
DA:251,1
DA:253,1
DA:254,1
DA:259,1
DA:260,1
DA:261,1
DA:262,1
DA:264,1
DA:265,1
DA:266,1
DA:270,1
DA:271,1
DA:273,1
DA:274,1
DA:279,1
DA:280,1
DA:281,1
DA:282,1
DA:294,1
DA:295,1
DA:296,1
DA:297,1
DA:301,1
DA:302,1
DA:305,1
DA:306,1
DA:310,1
DA:311,1
DA:312,1
DA:313,1
DA:315,1
DA:316,1
DA:317,1
DA:320,1
DA:322,1
DA:324,1
DA:325,1
DA:327,1
DA:328,1
DA:332,1
DA:333,1
DA:334,1
DA:335,1
DA:337,1
DA:338,1
DA:339,1
DA:342,1
DA:344,1
DA:346,1
DA:347,1
DA:349,1
DA:350,1
DA:354,1
DA:355,1
DA:356,1
DA:357,1
DA:367,1
DA:368,1
DA:369,1
DA:372,1
DA:373,1
DA:375,1
DA:376,1
DA:380,1
DA:381,1
DA:382,1
DA:383,1
DA:385,1
DA:386,1
DA:387,1
DA:390,1
DA:391,1
DA:393,1
DA:394,1
DA:396,1
DA:397,1
DA:401,1
DA:402,1
DA:403,1
DA:404,1
DA:408,1
DA:409,1
DA:410,1
DA:413,1
DA:414,1
DA:416,1
DA:417,1
DA:421,1
DA:422,1
DA:423,1
DA:424,1
DA:428,1
DA:429,1
DA:430,1
DA:433,1
DA:434,1
DA:436,1
DA:437,1
DA:441,1
DA:442,1
DA:443,1
DA:444,1
DA:446,1
DA:447,1
DA:448,1
DA:451,1
DA:452,1
DA:454,1
DA:455,1
DA:457,1
DA:458,1
DA:462,1
DA:463,1
DA:464,1
DA:465,1
DA:467,1
DA:468,1
DA:469,1
DA:472,1
DA:473,1
DA:475,1
DA:476,1
DA:478,1
DA:479,1
DA:484,1
DA:485,1
DA:486,1
DA:487,1
DA:489,1
DA:490,1
DA:491,1
DA:494,1
DA:495,1
DA:497,1
DA:498,1
DA:500,1
DA:501,1
DA:505,1
DA:506,1
DA:507,1
DA:508,1
DA:513,1
DA:514,1
DA:515,1
DA:518,1
DA:519,1
DA:521,1
DA:522,1
DA:527,1
DA:528,1
DA:529,1
DA:530,1
DA:532,1
DA:533,1
DA:534,1
DA:537,1
DA:538,1
DA:540,1
DA:541,1
DA:546,1
DA:547,1
DA:548,1
DA:549,1
DA:551,1
DA:552,1
DA:553,1
DA:556,1
DA:557,1
DA:559,1
DA:560,1
DA:564,1
DA:565,1
DA:566,1
DA:567,1
DA:569,1
DA:570,1
DA:571,1
DA:572,1
DA:573,1
DA:576,1
DA:577,1
DA:580,1
DA:581,1
DA:585,1
DA:586,1
DA:587,1
DA:588,1
DA:597,1
DA:598,1
DA:599,1
DA:602,1
DA:603,1
DA:605,1
DA:606,1
DA:610,1
DA:611,1
DA:612,1
DA:613,1
DA:622,1
DA:623,1
DA:624,1
DA:627,1
DA:628,1
DA:630,1
DA:631,1
DA:635,1
DA:636,1
DA:637,1
DA:638,1
DA:640,1
DA:641,1
DA:642,1
DA:643,1
DA:646,1
DA:647,1
DA:649,1
DA:650,1
LF:348
LH:348
BRF:0
BRH:0
end_of_record
TN:
SF:C:\Users\naukk\Documents\review-a-record\spec\spotifyspec.js
FN:5,(anonymous_1)
FNF:1
FNH:1
FNDA:1,(anonymous_1)
DA:5,1
DA:7,1
DA:10,1
DA:11,1
DA:12,1
DA:16,1
DA:17,1
DA:18,1
DA:19,1
DA:21,1
DA:22,1
DA:23,1
DA:26,1
DA:27,1
DA:29,1
DA:30,1
DA:32,1
DA:33,1
DA:37,1
DA:38,1
DA:39,1
DA:40,1
DA:42,1
DA:43,1
DA:44,1
DA:45,1
DA:48,1
DA:49,1
DA:51,1
DA:52,1
LF:30
LH:30
BRF:0
BRH:0
end_of_record
TN:
SF:C:\Users\naukk\Documents\review-a-record\server\server.js
FN:49,(anonymous_1)
FNF:1
FNH:1
FNDA:2,(anonymous_1)
DA:1,1
DA:2,1
DA:3,1
DA:4,1
DA:5,1
DA:6,1
DA:7,1
DA:9,1
DA:10,1
DA:11,1
DA:12,1
DA:17,1
DA:19,1
DA:21,1
DA:22,0
DA:25,1
DA:27,1
DA:28,1
DA:29,1
DA:31,1
DA:32,1
DA:33,1
DA:34,1
DA:35,1
DA:36,1
DA:38,1
DA:39,1
DA:40,1
DA:41,1
DA:42,1
DA:43,1
DA:45,1
DA:46,1
DA:49,1
DA:50,2
DA:56,2
DA:59,1
DA:60,1
LF:38
LH:37
BRDA:19,1,0,1
BRDA:19,1,1,1
BRDA:21,2,0,0
BRDA:21,2,1,1
BRDA:50,3,0,2
BRDA:50,3,1,2
BRF:6
BRH:5
end_of_record
TN:
SF:C:\Users\naukk\Documents\review-a-record\server\spotify.js
FN:40,accessToken
FN:51,(anonymous_2)
FN:60,(anonymous_3)
FN:81,requestAuthorization
FN:108,authCallback
FN:122,(anonymous_6)
FN:129,(anonymous_7)
FNF:7
FNH:3
FNDA:1,accessToken
FNDA:1,(anonymous_2)
FNDA:0,(anonymous_3)
FNDA:1,requestAuthorization
FNDA:0,authCallback
FNDA:0,(anonymous_6)
FNDA:0,(anonymous_7)
DA:1,1
DA:2,1
DA:7,1
DA:8,1
DA:9,1
DA:40,1
DA:41,1
DA:42,1
DA:52,1
DA:61,0
DA:81,1
DA:82,1
DA:84,1
DA:108,1
DA:109,0
DA:111,0
DA:116,0
DA:123,0
DA:130,0
DA:137,1
LF:20
LH:14
BRF:0
BRH:0
end_of_record
TN:
SF:C:\Users\naukk\Documents\review-a-record\server\queries.js
FN:22,getUserId
FN:24,(anonymous_2)
FN:49,userNameAvailable
FN:51,(anonymous_4)
FN:84,createUser
FN:94,(anonymous_6)
FN:132,login
FN:135,(anonymous_8)
FN:160,testToken
FN:164,(anonymous_10)
FN:215,saveReview
FN:223,(anonymous_12)
FN:233,(anonymous_13)
FN:238,getAllReviews
FN:241,(anonymous_15)
FN:305,getArtistReviews
FN:307,(anonymous_17)
FN:380,getAlbumReviews
FN:385,(anonymous_19)
FN:459,getUserReviews
FN:462,(anonymous_21)
FN:542,getLatestReviews
FN:598,adminStatus
FN:612,adminTrue
FN:625,adminFalse
FN:669,deleteReview
FN:735,rateAlbum
FN:739,(anonymous_28)
FN:782,albumRating
FN:831,editReview
FN:876,deleteUser
FN:880,(anonymous_32)
FN:951,getAllUsers
FNF:33
FNH:30
FNDA:1,getUserId
FNDA:1,(anonymous_2)
FNDA:2,userNameAvailable
FNDA:2,(anonymous_4)
FNDA:3,createUser
FNDA:2,(anonymous_6)
FNDA:2,login
FNDA:2,(anonymous_8)
FNDA:2,testToken
FNDA:2,(anonymous_10)
FNDA:1,saveReview
FNDA:1,(anonymous_12)
FNDA:0,(anonymous_13)
FNDA:1,getAllReviews
FNDA:1,(anonymous_15)
FNDA:2,getArtistReviews
FNDA:2,(anonymous_17)
FNDA:1,getAlbumReviews
FNDA:1,(anonymous_19)
FNDA:1,getUserReviews
FNDA:1,(anonymous_21)
FNDA:2,getLatestReviews
FNDA:1,adminStatus
FNDA:0,adminTrue
FNDA:0,adminFalse
FNDA:1,deleteReview
FNDA:2,rateAlbum
FNDA:2,(anonymous_28)
FNDA:1,albumRating
FNDA:1,editReview
FNDA:2,deleteUser
FNDA:2,(anonymous_32)
FNDA:1,getAllUsers
DA:1,1
DA:2,1
DA:3,1
DA:4,1
DA:22,1
DA:23,1
DA:25,1
DA:30,0
DA:49,1
DA:50,2
DA:52,2
DA:53,1
DA:55,1
DA:58,0
DA:84,1
DA:85,3
DA:86,1
DA:89,2
DA:90,2
DA:91,2
DA:95,2
DA:103,0
DA:132,1
DA:133,2
DA:134,2
DA:136,2
DA:137,2
DA:140,2
DA:141,2
DA:142,2
DA:151,0
DA:157,0
DA:160,1
DA:161,2
DA:163,2
DA:164,2
DA:165,2
DA:166,1
DA:167,0
DA:173,1
DA:182,0
DA:215,1
DA:216,1
DA:217,1
DA:224,1
DA:234,0
DA:238,1
DA:239,1
DA:242,1
DA:250,0
DA:305,1
DA:306,2
DA:308,2
DA:309,1
DA:317,1
DA:326,0
DA:380,1
DA:381,1
DA:387,1
DA:388,1
DA:396,0
DA:404,0
DA:459,1
DA:460,1
DA:461,1
DA:463,1
DA:464,1
DA:472,0
DA:480,0
DA:542,1
DA:543,2
DA:548,2
DA:549,1
DA:557,1
DA:565,0
DA:598,1
DA:599,1
DA:601,1
DA:609,0
DA:612,1
DA:613,0
DA:615,0
DA:625,1
DA:626,0
DA:628,0
DA:669,1
DA:670,1
DA:671,1
DA:673,1
DA:674,1
DA:676,0
DA:678,0
DA:681,1
DA:682,0
DA:690,1
DA:698,0
DA:735,1
DA:736,2
DA:740,2
DA:749,0
DA:782,1
DA:783,1
DA:785,4
DA:786,1
DA:795,0
DA:831,1
DA:832,1
DA:835,1
DA:842,0
DA:876,1
DA:877,2
DA:878,2
DA:879,2
DA:881,2
DA:882,2
DA:883,2
DA:884,2
DA:885,2
DA:886,2
DA:888,2
DA:889,2
DA:891,0
DA:893,0
DA:896,2
DA:897,0
DA:904,2
DA:912,0
DA:951,1
DA:952,1
DA:954,1
DA:962,0
DA:965,1
LF:132
LH:100
BRDA:52,1,0,1
BRDA:52,1,1,1
BRDA:85,2,0,1
BRDA:85,2,1,2
BRDA:85,3,0,3
BRDA:85,3,1,2
BRDA:90,4,0,2
BRDA:90,4,1,0
BRDA:140,5,0,2
BRDA:140,5,1,0
BRDA:161,6,0,2
BRDA:161,6,1,0
BRDA:163,7,0,2
BRDA:163,7,1,0
BRDA:166,8,0,0
BRDA:166,8,1,1
BRDA:308,9,0,1
BRDA:308,9,1,1
BRDA:387,10,0,1
BRDA:387,10,1,0
BRDA:463,11,0,1
BRDA:463,11,1,0
BRDA:548,12,0,1
BRDA:548,12,1,1
BRDA:673,13,0,1
BRDA:673,13,1,0
BRDA:681,14,0,0
BRDA:681,14,1,1
BRDA:882,15,0,2
BRDA:882,15,1,0
BRDA:888,16,0,2
BRDA:888,16,1,0
BRDA:896,17,0,0
BRDA:896,17,1,2
BRF:34
BRH:22
end_of_record
TN:
SF:C:\Users\naukk\Documents\review-a-record\server\db.js
FNF:0
FNH:0
DA:1,1
DA:2,1
DA:4,1
DA:8,1
DA:10,1
DA:11,1
DA:12,1
DA:14,1
LF:8
LH:8
BRF:0
BRH:0
end_of_record
TN:
SF:C:\Users\naukk\Documents\review-a-record\server\router.js
FN:8,(anonymous_1)
FN:11,(anonymous_2)
FNF:2
FNH:2
FNDA:8,(anonymous_1)
FNDA:8,(anonymous_2)
DA:1,1
DA:2,1
DA:3,1
DA:4,1
DA:6,1
DA:8,1
DA:9,8
DA:10,8
DA:11,8
DA:12,8
DA:13,0
DA:15,8
DA:19,0
DA:23,1
DA:24,1
DA:25,1
DA:26,1
DA:27,1
DA:28,1
DA:29,1
DA:30,1
DA:33,1
LF:22
LH:20
BRDA:9,1,0,8
BRDA:9,1,1,1
BRDA:10,2,0,8
BRDA:10,2,1,0
BRDA:12,3,0,0
BRDA:12,3,1,8
BRF:6
BRH:4
end_of_record
